{"C:\\Users\\ARMSTRONG\\Desktop\\node test\\commentsch.js": {"path":"C:\\Users\\ARMSTRONG\\Desktop\\node test\\commentsch.js","statementMap":{"0":{"start":{"line":2,"column":19},"end":{"line":2,"column":27}},"1":{"start":{"line":3,"column":21},"end":{"line":17,"column":4}},"2":{"start":{"line":19,"column":16},"end":{"line":19,"column":59}}},"fnMap":{},"branchMap":{},"s":{"0":1,"1":1,"2":1},"f":{},"b":{},"_coverageSchema":"1a1c01bbd47fc00a2c39e90264f33305004495a9","hash":"13e992c6ab47deec853e1b781242edae5d804817"}
,"C:\\Users\\ARMSTRONG\\Desktop\\node test\\config.js": {"path":"C:\\Users\\ARMSTRONG\\Desktop\\node test\\config.js","statementMap":{"0":{"start":{"line":3,"column":0},"end":{"line":3,"column":16}},"1":{"start":{"line":5,"column":15},"end":{"line":14,"column":1}},"2":{"start":{"line":15,"column":22},"end":{"line":15,"column":50}}},"fnMap":{},"branchMap":{},"s":{"0":1,"1":1,"2":1},"f":{},"b":{},"_coverageSchema":"1a1c01bbd47fc00a2c39e90264f33305004495a9","hash":"638a619e09f5bba08c25cb893ede78e5df24a838"}
,"C:\\Users\\ARMSTRONG\\Desktop\\node test\\index.js": {"path":"C:\\Users\\ARMSTRONG\\Desktop\\node test\\index.js","statementMap":{"0":{"start":{"line":11,"column":0},"end":{"line":11,"column":19}},"1":{"start":{"line":12,"column":16},"end":{"line":12,"column":34}},"2":{"start":{"line":15,"column":0},"end":{"line":23,"column":2}},"3":{"start":{"line":16,"column":4},"end":{"line":20,"column":5}},"4":{"start":{"line":17,"column":8},"end":{"line":17,"column":45}},"5":{"start":{"line":19,"column":8},"end":{"line":19,"column":24}},"6":{"start":{"line":24,"column":12},"end":{"line":24,"column":21}},"7":{"start":{"line":26,"column":0},"end":{"line":26,"column":15}},"8":{"start":{"line":27,"column":0},"end":{"line":27,"column":23}},"9":{"start":{"line":28,"column":0},"end":{"line":28,"column":15}},"10":{"start":{"line":33,"column":13},"end":{"line":33,"column":25}},"11":{"start":{"line":133,"column":0},"end":{"line":135,"column":3}},"12":{"start":{"line":134,"column":2},"end":{"line":134,"column":55}}},"fnMap":{"0":{"name":"(anonymous_0)","decl":{"start":{"line":15,"column":120},"end":{"line":15,"column":121}},"loc":{"start":{"line":15,"column":132},"end":{"line":23,"column":1}},"line":15},"1":{"name":"(anonymous_1)","decl":{"start":{"line":133,"column":17},"end":{"line":133,"column":18}},"loc":{"start":{"line":133,"column":28},"end":{"line":135,"column":1}},"line":133}},"branchMap":{"0":{"loc":{"start":{"line":12,"column":16},"end":{"line":12,"column":34}},"type":"binary-expr","locations":[{"start":{"line":12,"column":16},"end":{"line":12,"column":22}},{"start":{"line":12,"column":25},"end":{"line":12,"column":34}}],"line":12},"1":{"loc":{"start":{"line":16,"column":4},"end":{"line":20,"column":5}},"type":"if","locations":[{"start":{"line":16,"column":4},"end":{"line":20,"column":5}},{"start":{"line":18,"column":10},"end":{"line":20,"column":5}}],"line":16},"2":{"loc":{"start":{"line":33,"column":13},"end":{"line":33,"column":25}},"type":"binary-expr","locations":[{"start":{"line":33,"column":13},"end":{"line":33,"column":17}},{"start":{"line":33,"column":21},"end":{"line":33,"column":25}}],"line":33}},"s":{"0":1,"1":1,"2":1,"3":1,"4":1,"5":0,"6":1,"7":1,"8":1,"9":1,"10":1,"11":1,"12":0},"f":{"0":1,"1":0},"b":{"0":[1,0],"1":[1,0],"2":[1,0]},"_coverageSchema":"1a1c01bbd47fc00a2c39e90264f33305004495a9","hash":"5afd788a83158ef3eb59d340103f970212f962f8"}
,"C:\\Users\\ARMSTRONG\\Desktop\\node test\\scheem-model.js": {"path":"C:\\Users\\ARMSTRONG\\Desktop\\node test\\scheem-model.js","statementMap":{"0":{"start":{"line":2,"column":19},"end":{"line":2,"column":27}},"1":{"start":{"line":4,"column":19},"end":{"line":14,"column":2}},"2":{"start":{"line":15,"column":13},"end":{"line":15,"column":51}}},"fnMap":{},"branchMap":{},"s":{"0":1,"1":1,"2":1},"f":{},"b":{},"_coverageSchema":"1a1c01bbd47fc00a2c39e90264f33305004495a9","hash":"b9be6547172d677e43f1041cbde9ab6c8fa3a325"}
,"C:\\Users\\ARMSTRONG\\Desktop\\node test\\src\\config\\upload.js": {"path":"C:\\Users\\ARMSTRONG\\Desktop\\node test\\src\\config\\upload.js","statementMap":{"0":{"start":{"line":7,"column":28},"end":{"line":7,"column":31}},"1":{"start":{"line":22,"column":14},"end":{"line":41,"column":2}},"2":{"start":{"line":25,"column":8},"end":{"line":36,"column":9}},"3":{"start":{"line":26,"column":12},"end":{"line":26,"column":67}},"4":{"start":{"line":27,"column":14},"end":{"line":36,"column":9}},"5":{"start":{"line":28,"column":12},"end":{"line":28,"column":67}},"6":{"start":{"line":29,"column":14},"end":{"line":36,"column":9}},"7":{"start":{"line":30,"column":12},"end":{"line":30,"column":65}},"8":{"start":{"line":31,"column":14},"end":{"line":36,"column":9}},"9":{"start":{"line":32,"column":12},"end":{"line":32,"column":65}},"10":{"start":{"line":34,"column":12},"end":{"line":34,"column":49}},"11":{"start":{"line":39,"column":6},"end":{"line":39,"column":75}},"12":{"start":{"line":42,"column":22},"end":{"line":42,"column":50}}},"fnMap":{"0":{"name":"(anonymous_0)","decl":{"start":{"line":23,"column":17},"end":{"line":23,"column":18}},"loc":{"start":{"line":23,"column":42},"end":{"line":37,"column":5}},"line":23},"1":{"name":"(anonymous_1)","decl":{"start":{"line":38,"column":14},"end":{"line":38,"column":15}},"loc":{"start":{"line":38,"column":39},"end":{"line":40,"column":5}},"line":38}},"branchMap":{"0":{"loc":{"start":{"line":25,"column":8},"end":{"line":36,"column":9}},"type":"if","locations":[{"start":{"line":25,"column":8},"end":{"line":36,"column":9}},{"start":{"line":27,"column":14},"end":{"line":36,"column":9}}],"line":25},"1":{"loc":{"start":{"line":27,"column":14},"end":{"line":36,"column":9}},"type":"if","locations":[{"start":{"line":27,"column":14},"end":{"line":36,"column":9}},{"start":{"line":29,"column":14},"end":{"line":36,"column":9}}],"line":27},"2":{"loc":{"start":{"line":29,"column":14},"end":{"line":36,"column":9}},"type":"if","locations":[{"start":{"line":29,"column":14},"end":{"line":36,"column":9}},{"start":{"line":31,"column":14},"end":{"line":36,"column":9}}],"line":29},"3":{"loc":{"start":{"line":31,"column":14},"end":{"line":36,"column":9}},"type":"if","locations":[{"start":{"line":31,"column":14},"end":{"line":36,"column":9}},{"start":{"line":33,"column":13},"end":{"line":36,"column":9}}],"line":31}},"s":{"0":1,"1":1,"2":0,"3":0,"4":0,"5":0,"6":0,"7":0,"8":0,"9":0,"10":0,"11":0,"12":1},"f":{"0":0,"1":0},"b":{"0":[0,0],"1":[0,0],"2":[0,0],"3":[0,0]},"_coverageSchema":"1a1c01bbd47fc00a2c39e90264f33305004495a9","hash":"282c394f4c6621ce52ada493662119e021a3ddc1"}
,"C:\\Users\\ARMSTRONG\\Desktop\\node test\\src\\config\\verify.js": {"path":"C:\\Users\\ARMSTRONG\\Desktop\\node test\\src\\config\\verify.js","statementMap":{"0":{"start":{"line":38,"column":25},"end":{"line":38,"column":53}},"1":{"start":{"line":40,"column":4},"end":{"line":42,"column":82}},"2":{"start":{"line":42,"column":6},"end":{"line":42,"column":82}},"3":{"start":{"line":45,"column":19},"end":{"line":45,"column":42}},"4":{"start":{"line":46,"column":18},"end":{"line":46,"column":27}},"5":{"start":{"line":48,"column":4},"end":{"line":48,"column":23}},"6":{"start":{"line":49,"column":4},"end":{"line":56,"column":7}},"7":{"start":{"line":50,"column":6},"end":{"line":51,"column":95}},"8":{"start":{"line":51,"column":8},"end":{"line":51,"column":95}},"9":{"start":{"line":54,"column":6},"end":{"line":54,"column":30}},"10":{"start":{"line":55,"column":6},"end":{"line":55,"column":13}}},"fnMap":{"0":{"name":"verifyToken","decl":{"start":{"line":3,"column":16},"end":{"line":3,"column":27}},"loc":{"start":{"line":3,"column":44},"end":{"line":60,"column":1}},"line":3},"1":{"name":"(anonymous_1)","decl":{"start":{"line":49,"column":37},"end":{"line":49,"column":38}},"loc":{"start":{"line":49,"column":60},"end":{"line":56,"column":5}},"line":49}},"branchMap":{"0":{"loc":{"start":{"line":40,"column":4},"end":{"line":42,"column":82}},"type":"if","locations":[{"start":{"line":40,"column":4},"end":{"line":42,"column":82}},{"start":{},"end":{}}],"line":40},"1":{"loc":{"start":{"line":50,"column":6},"end":{"line":51,"column":95}},"type":"if","locations":[{"start":{"line":50,"column":6},"end":{"line":51,"column":95}},{"start":{},"end":{}}],"line":50}},"s":{"0":5,"1":5,"2":0,"3":5,"4":5,"5":5,"6":5,"7":5,"8":5,"9":0,"10":0},"f":{"0":5,"1":5},"b":{"0":[0,5],"1":[5,0]},"_coverageSchema":"1a1c01bbd47fc00a2c39e90264f33305004495a9","hash":"21fb262fdba28a72b08d31739fa720b4a4a33247"}
,"C:\\Users\\ARMSTRONG\\Desktop\\node test\\src\\modules\\models.js": {"path":"C:\\Users\\ARMSTRONG\\Desktop\\node test\\src\\modules\\models.js","statementMap":{"0":{"start":{"line":4,"column":26},"end":{"line":4,"column":34}},"1":{"start":{"line":6,"column":17},"end":{"line":9,"column":2}},"2":{"start":{"line":11,"column":18},"end":{"line":16,"column":2}},"3":{"start":{"line":18,"column":20},"end":{"line":23,"column":2}},"4":{"start":{"line":25,"column":23},"end":{"line":30,"column":2}},"5":{"start":{"line":32,"column":21},"end":{"line":38,"column":2}},"6":{"start":{"line":40,"column":21},"end":{"line":45,"column":2}},"7":{"start":{"line":47,"column":19},"end":{"line":52,"column":2}},"8":{"start":{"line":54,"column":20},"end":{"line":59,"column":2}},"9":{"start":{"line":62,"column":20},"end":{"line":62,"column":61}},"10":{"start":{"line":63,"column":26},"end":{"line":63,"column":62}},"11":{"start":{"line":64,"column":29},"end":{"line":64,"column":73}},"12":{"start":{"line":65,"column":32},"end":{"line":65,"column":83}},"13":{"start":{"line":66,"column":29},"end":{"line":66,"column":74}},"14":{"start":{"line":67,"column":29},"end":{"line":67,"column":74}},"15":{"start":{"line":68,"column":27},"end":{"line":68,"column":66}},"16":{"start":{"line":69,"column":28},"end":{"line":69,"column":71}}},"fnMap":{},"branchMap":{},"s":{"0":1,"1":1,"2":1,"3":1,"4":1,"5":1,"6":1,"7":1,"8":1,"9":1,"10":1,"11":1,"12":1,"13":1,"14":1,"15":1,"16":1},"f":{},"b":{},"_coverageSchema":"1a1c01bbd47fc00a2c39e90264f33305004495a9","hash":"27f7cb037525084ab013e8eb8fcdee7570d38067"}
,"C:\\Users\\ARMSTRONG\\Desktop\\node test\\src\\modules\\user.js": {"path":"C:\\Users\\ARMSTRONG\\Desktop\\node test\\src\\modules\\user.js","statementMap":{"0":{"start":{"line":2,"column":19},"end":{"line":2,"column":27}},"1":{"start":{"line":3,"column":17},"end":{"line":7,"column":2}},"2":{"start":{"line":8,"column":13},"end":{"line":8,"column":47}}},"fnMap":{},"branchMap":{},"s":{"0":1,"1":1,"2":1},"f":{},"b":{},"_coverageSchema":"1a1c01bbd47fc00a2c39e90264f33305004495a9","hash":"722f3457249e1d4783a6a808e9e5e9989022646f"}
,"C:\\Users\\ARMSTRONG\\Desktop\\node test\\src\\routes\\allroutes.js": {"path":"C:\\Users\\ARMSTRONG\\Desktop\\node test\\src\\routes\\allroutes.js","statementMap":{"0":{"start":{"line":14,"column":14},"end":{"line":14,"column":30}},"1":{"start":{"line":16,"column":0},"end":{"line":16,"column":49}},"2":{"start":{"line":17,"column":0},"end":{"line":17,"column":47}},"3":{"start":{"line":20,"column":0},"end":{"line":20,"column":54}},"4":{"start":{"line":21,"column":0},"end":{"line":21,"column":101}},"5":{"start":{"line":22,"column":0},"end":{"line":22,"column":104}},"6":{"start":{"line":23,"column":0},"end":{"line":23,"column":72}},"7":{"start":{"line":24,"column":0},"end":{"line":24,"column":25}},"8":{"start":{"line":26,"column":0},"end":{"line":26,"column":54}},"9":{"start":{"line":27,"column":0},"end":{"line":27,"column":56}},"10":{"start":{"line":30,"column":0},"end":{"line":30,"column":48}},"11":{"start":{"line":31,"column":0},"end":{"line":31,"column":94}},"12":{"start":{"line":33,"column":0},"end":{"line":33,"column":53}},"13":{"start":{"line":34,"column":0},"end":{"line":34,"column":101}},"14":{"start":{"line":37,"column":0},"end":{"line":37,"column":54}},"15":{"start":{"line":38,"column":0},"end":{"line":38,"column":69}},"16":{"start":{"line":39,"column":0},"end":{"line":39,"column":71}},"17":{"start":{"line":42,"column":0},"end":{"line":42,"column":54}},"18":{"start":{"line":43,"column":0},"end":{"line":43,"column":76}},"19":{"start":{"line":44,"column":0},"end":{"line":44,"column":79}}},"fnMap":{},"branchMap":{},"s":{"0":1,"1":1,"2":1,"3":1,"4":1,"5":1,"6":1,"7":1,"8":1,"9":1,"10":1,"11":1,"12":1,"13":1,"14":1,"15":1,"16":1,"17":1,"18":1,"19":1},"f":{},"b":{},"_coverageSchema":"1a1c01bbd47fc00a2c39e90264f33305004495a9","hash":"383aab340ead35fae18b15574d1ad4971164e25f"}
,"C:\\Users\\ARMSTRONG\\Desktop\\node test\\src\\routes\\article.route.js": {"path":"C:\\Users\\ARMSTRONG\\Desktop\\node test\\src\\routes\\article.route.js","statementMap":{"0":{"start":{"line":8,"column":17},"end":{"line":8,"column":29}},"1":{"start":{"line":10,"column":8},"end":{"line":24,"column":9}},"2":{"start":{"line":11,"column":12},"end":{"line":16,"column":14}},"3":{"start":{"line":12,"column":16},"end":{"line":14,"column":17}},"4":{"start":{"line":13,"column":20},"end":{"line":13,"column":33}},"5":{"start":{"line":15,"column":16},"end":{"line":15,"column":37}},"6":{"start":{"line":18,"column":12},"end":{"line":23,"column":15}},"7":{"start":{"line":19,"column":16},"end":{"line":20,"column":33}},"8":{"start":{"line":20,"column":20},"end":{"line":20,"column":33}},"9":{"start":{"line":21,"column":16},"end":{"line":21,"column":35}},"10":{"start":{"line":30,"column":29},"end":{"line":30,"column":37}},"11":{"start":{"line":32,"column":16},"end":{"line":36,"column":17}},"12":{"start":{"line":33,"column":34},"end":{"line":33,"column":67}},"13":{"start":{"line":34,"column":20},"end":{"line":34,"column":46}},"14":{"start":{"line":35,"column":20},"end":{"line":35,"column":38}},"15":{"start":{"line":38,"column":16},"end":{"line":38,"column":43}},"16":{"start":{"line":39,"column":16},"end":{"line":39,"column":49}},"17":{"start":{"line":40,"column":16},"end":{"line":54,"column":15}},"18":{"start":{"line":47,"column":20},"end":{"line":52,"column":21}},"19":{"start":{"line":48,"column":24},"end":{"line":48,"column":38}},"20":{"start":{"line":50,"column":24},"end":{"line":50,"column":41}},"21":{"start":{"line":60,"column":29},"end":{"line":60,"column":37}},"22":{"start":{"line":62,"column":25},"end":{"line":62,"column":36}},"23":{"start":{"line":63,"column":16},"end":{"line":100,"column":17}},"24":{"start":{"line":65,"column":30},"end":{"line":70,"column":21}},"25":{"start":{"line":71,"column":20},"end":{"line":71,"column":69}},"26":{"start":{"line":72,"column":20},"end":{"line":81,"column":22}},"27":{"start":{"line":74,"column":28},"end":{"line":79,"column":29}},"28":{"start":{"line":75,"column":32},"end":{"line":75,"column":46}},"29":{"start":{"line":77,"column":32},"end":{"line":77,"column":49}},"30":{"start":{"line":83,"column":30},"end":{"line":88,"column":21}},"31":{"start":{"line":90,"column":20},"end":{"line":90,"column":69}},"32":{"start":{"line":91,"column":20},"end":{"line":99,"column":23}},"33":{"start":{"line":93,"column":24},"end":{"line":98,"column":25}},"34":{"start":{"line":94,"column":28},"end":{"line":94,"column":42}},"35":{"start":{"line":96,"column":28},"end":{"line":96,"column":45}},"36":{"start":{"line":108,"column":25},"end":{"line":108,"column":36}},"37":{"start":{"line":110,"column":16},"end":{"line":119,"column":17}},"38":{"start":{"line":111,"column":20},"end":{"line":116,"column":22}},"39":{"start":{"line":112,"column":24},"end":{"line":114,"column":25}},"40":{"start":{"line":113,"column":28},"end":{"line":113,"column":41}},"41":{"start":{"line":115,"column":24},"end":{"line":115,"column":45}},"42":{"start":{"line":118,"column":20},"end":{"line":118,"column":53}}},"fnMap":{"0":{"name":"(anonymous_0)","decl":{"start":{"line":7,"column":4},"end":{"line":7,"column":5}},"loc":{"start":{"line":7,"column":33},"end":{"line":25,"column":5}},"line":7},"1":{"name":"(anonymous_1)","decl":{"start":{"line":11,"column":39},"end":{"line":11,"column":40}},"loc":{"start":{"line":11,"column":60},"end":{"line":16,"column":13}},"line":11},"2":{"name":"(anonymous_2)","decl":{"start":{"line":18,"column":31},"end":{"line":18,"column":32}},"loc":{"start":{"line":18,"column":55},"end":{"line":23,"column":13}},"line":18},"3":{"name":"(anonymous_3)","decl":{"start":{"line":28,"column":4},"end":{"line":28,"column":5}},"loc":{"start":{"line":28,"column":41},"end":{"line":56,"column":5}},"line":28},"4":{"name":"(anonymous_4)","decl":{"start":{"line":46,"column":16},"end":{"line":46,"column":17}},"loc":{"start":{"line":46,"column":39},"end":{"line":53,"column":17}},"line":46},"5":{"name":"(anonymous_5)","decl":{"start":{"line":58,"column":4},"end":{"line":58,"column":5}},"loc":{"start":{"line":58,"column":35},"end":{"line":103,"column":13}},"line":58},"6":{"name":"(anonymous_6)","decl":{"start":{"line":73,"column":24},"end":{"line":73,"column":25}},"loc":{"start":{"line":73,"column":47},"end":{"line":80,"column":25}},"line":73},"7":{"name":"(anonymous_7)","decl":{"start":{"line":92,"column":20},"end":{"line":92,"column":21}},"loc":{"start":{"line":92,"column":43},"end":{"line":99,"column":21}},"line":92},"8":{"name":"(anonymous_8)","decl":{"start":{"line":106,"column":4},"end":{"line":106,"column":5}},"loc":{"start":{"line":106,"column":35},"end":{"line":120,"column":13}},"line":106},"9":{"name":"(anonymous_9)","decl":{"start":{"line":111,"column":57},"end":{"line":111,"column":58}},"loc":{"start":{"line":111,"column":78},"end":{"line":116,"column":21}},"line":111}},"branchMap":{"0":{"loc":{"start":{"line":10,"column":8},"end":{"line":24,"column":9}},"type":"if","locations":[{"start":{"line":10,"column":8},"end":{"line":24,"column":9}},{"start":{"line":17,"column":13},"end":{"line":24,"column":9}}],"line":10},"1":{"loc":{"start":{"line":12,"column":16},"end":{"line":14,"column":17}},"type":"if","locations":[{"start":{"line":12,"column":16},"end":{"line":14,"column":17}},{"start":{},"end":{}}],"line":12},"2":{"loc":{"start":{"line":19,"column":16},"end":{"line":20,"column":33}},"type":"if","locations":[{"start":{"line":19,"column":16},"end":{"line":20,"column":33}},{"start":{},"end":{}}],"line":19},"3":{"loc":{"start":{"line":32,"column":16},"end":{"line":36,"column":17}},"type":"if","locations":[{"start":{"line":32,"column":16},"end":{"line":36,"column":17}},{"start":{},"end":{}}],"line":32},"4":{"loc":{"start":{"line":47,"column":20},"end":{"line":52,"column":21}},"type":"if","locations":[{"start":{"line":47,"column":20},"end":{"line":52,"column":21}},{"start":{"line":49,"column":25},"end":{"line":52,"column":21}}],"line":47},"5":{"loc":{"start":{"line":63,"column":16},"end":{"line":100,"column":17}},"type":"if","locations":[{"start":{"line":63,"column":16},"end":{"line":100,"column":17}},{"start":{"line":82,"column":21},"end":{"line":100,"column":17}}],"line":63},"6":{"loc":{"start":{"line":74,"column":28},"end":{"line":79,"column":29}},"type":"if","locations":[{"start":{"line":74,"column":28},"end":{"line":79,"column":29}},{"start":{"line":76,"column":33},"end":{"line":79,"column":29}}],"line":74},"7":{"loc":{"start":{"line":93,"column":24},"end":{"line":98,"column":25}},"type":"if","locations":[{"start":{"line":93,"column":24},"end":{"line":98,"column":25}},{"start":{"line":95,"column":29},"end":{"line":98,"column":25}}],"line":93},"8":{"loc":{"start":{"line":110,"column":16},"end":{"line":119,"column":17}},"type":"if","locations":[{"start":{"line":110,"column":16},"end":{"line":119,"column":17}},{"start":{"line":117,"column":21},"end":{"line":119,"column":17}}],"line":110},"9":{"loc":{"start":{"line":112,"column":24},"end":{"line":114,"column":25}},"type":"if","locations":[{"start":{"line":112,"column":24},"end":{"line":114,"column":25}},{"start":{},"end":{}}],"line":112}},"s":{"0":2,"1":2,"2":1,"3":1,"4":0,"5":1,"6":1,"7":1,"8":0,"9":1,"10":0,"11":0,"12":0,"13":0,"14":0,"15":0,"16":0,"17":0,"18":0,"19":0,"20":0,"21":0,"22":0,"23":0,"24":0,"25":0,"26":0,"27":0,"28":0,"29":0,"30":0,"31":0,"32":0,"33":0,"34":0,"35":0,"36":0,"37":0,"38":0,"39":0,"40":0,"41":0,"42":0},"f":{"0":2,"1":1,"2":1,"3":0,"4":0,"5":0,"6":0,"7":0,"8":0,"9":0},"b":{"0":[1,1],"1":[0,1],"2":[0,1],"3":[0,0],"4":[0,0],"5":[0,0],"6":[0,0],"7":[0,0],"8":[0,0],"9":[0,0]},"_coverageSchema":"1a1c01bbd47fc00a2c39e90264f33305004495a9","hash":"3e681531039b2bd51e47f72d540d6e74892de1c5"}
,"C:\\Users\\ARMSTRONG\\Desktop\\node test\\src\\routes\\auth.route.js": {"path":"C:\\Users\\ARMSTRONG\\Desktop\\node test\\src\\routes\\auth.route.js","statementMap":{"0":{"start":{"line":6,"column":13},"end":{"line":6,"column":29}},"1":{"start":{"line":10,"column":17},"end":{"line":10,"column":40}},"2":{"start":{"line":11,"column":4},"end":{"line":11,"column":22}},"3":{"start":{"line":13,"column":4},"end":{"line":31,"column":7}},"4":{"start":{"line":14,"column":6},"end":{"line":14,"column":87}},"5":{"start":{"line":14,"column":15},"end":{"line":14,"column":33}},"6":{"start":{"line":14,"column":34},"end":{"line":14,"column":86}},"7":{"start":{"line":15,"column":6},"end":{"line":15,"column":63}},"8":{"start":{"line":15,"column":17},"end":{"line":15,"column":63}},"9":{"start":{"line":16,"column":6},"end":{"line":16,"column":22}},"10":{"start":{"line":17,"column":6},"end":{"line":17,"column":36}},"11":{"start":{"line":18,"column":6},"end":{"line":18,"column":32}},"12":{"start":{"line":19,"column":6},"end":{"line":19,"column":23}},"13":{"start":{"line":21,"column":28},"end":{"line":21,"column":80}},"14":{"start":{"line":22,"column":6},"end":{"line":22,"column":86}},"15":{"start":{"line":22,"column":28},"end":{"line":22,"column":86}},"16":{"start":{"line":25,"column":18},"end":{"line":27,"column":8}},"17":{"start":{"line":30,"column":6},"end":{"line":30,"column":57}},"18":{"start":{"line":40,"column":6},"end":{"line":40,"column":28}},"19":{"start":{"line":41,"column":6},"end":{"line":71,"column":4}},"20":{"start":{"line":42,"column":8},"end":{"line":42,"column":94}},"21":{"start":{"line":42,"column":18},"end":{"line":42,"column":94}},"22":{"start":{"line":44,"column":27},"end":{"line":44,"column":64}},"23":{"start":{"line":45,"column":6},"end":{"line":45,"column":33}},"24":{"start":{"line":46,"column":17},"end":{"line":50,"column":7}},"25":{"start":{"line":54,"column":4},"end":{"line":70,"column":7}},"26":{"start":{"line":56,"column":7},"end":{"line":56,"column":109}},"27":{"start":{"line":56,"column":16},"end":{"line":56,"column":109}},"28":{"start":{"line":61,"column":18},"end":{"line":63,"column":8}},"29":{"start":{"line":65,"column":6},"end":{"line":65,"column":57}},"30":{"start":{"line":76,"column":21},"end":{"line":86,"column":3}},"31":{"start":{"line":77,"column":14},"end":{"line":77,"column":27}},"32":{"start":{"line":79,"column":4},"end":{"line":84,"column":7}},"33":{"start":{"line":80,"column":6},"end":{"line":80,"column":84}},"34":{"start":{"line":80,"column":15},"end":{"line":80,"column":84}},"35":{"start":{"line":81,"column":6},"end":{"line":81,"column":63}},"36":{"start":{"line":81,"column":17},"end":{"line":81,"column":63}},"37":{"start":{"line":82,"column":6},"end":{"line":82,"column":33}},"38":{"start":{"line":88,"column":18},"end":{"line":101,"column":3}},"39":{"start":{"line":89,"column":17},"end":{"line":89,"column":30}},"40":{"start":{"line":90,"column":6},"end":{"line":100,"column":7}},"41":{"start":{"line":91,"column":22},"end":{"line":93,"column":12}},"42":{"start":{"line":94,"column":10},"end":{"line":97,"column":12}},"43":{"start":{"line":99,"column":10},"end":{"line":99,"column":28}}},"fnMap":{"0":{"name":"(anonymous_0)","decl":{"start":{"line":9,"column":2},"end":{"line":9,"column":3}},"loc":{"start":{"line":9,"column":25},"end":{"line":33,"column":3}},"line":9},"1":{"name":"(anonymous_1)","decl":{"start":{"line":13,"column":44},"end":{"line":13,"column":45}},"loc":{"start":{"line":13,"column":58},"end":{"line":31,"column":5}},"line":13},"2":{"name":"(anonymous_2)","decl":{"start":{"line":39,"column":2},"end":{"line":39,"column":3}},"loc":{"start":{"line":39,"column":28},"end":{"line":73,"column":3}},"line":39},"3":{"name":"(anonymous_3)","decl":{"start":{"line":41,"column":42},"end":{"line":41,"column":43}},"loc":{"start":{"line":41,"column":54},"end":{"line":71,"column":3}},"line":41},"4":{"name":"(anonymous_4)","decl":{"start":{"line":54,"column":22},"end":{"line":54,"column":23}},"loc":{"start":{"line":54,"column":36},"end":{"line":70,"column":5}},"line":54},"5":{"name":"(anonymous_5)","decl":{"start":{"line":76,"column":21},"end":{"line":76,"column":22}},"loc":{"start":{"line":76,"column":46},"end":{"line":86,"column":3}},"line":76},"6":{"name":"(anonymous_6)","decl":{"start":{"line":79,"column":39},"end":{"line":79,"column":40}},"loc":{"start":{"line":79,"column":60},"end":{"line":84,"column":5}},"line":79},"7":{"name":"(anonymous_7)","decl":{"start":{"line":88,"column":18},"end":{"line":88,"column":19}},"loc":{"start":{"line":88,"column":40},"end":{"line":101,"column":3}},"line":88}},"branchMap":{"0":{"loc":{"start":{"line":14,"column":6},"end":{"line":14,"column":87}},"type":"if","locations":[{"start":{"line":14,"column":6},"end":{"line":14,"column":87}},{"start":{},"end":{}}],"line":14},"1":{"loc":{"start":{"line":15,"column":6},"end":{"line":15,"column":63}},"type":"if","locations":[{"start":{"line":15,"column":6},"end":{"line":15,"column":63}},{"start":{},"end":{}}],"line":15},"2":{"loc":{"start":{"line":22,"column":6},"end":{"line":22,"column":86}},"type":"if","locations":[{"start":{"line":22,"column":6},"end":{"line":22,"column":86}},{"start":{},"end":{}}],"line":22},"3":{"loc":{"start":{"line":42,"column":8},"end":{"line":42,"column":94}},"type":"if","locations":[{"start":{"line":42,"column":8},"end":{"line":42,"column":94}},{"start":{},"end":{}}],"line":42},"4":{"loc":{"start":{"line":56,"column":7},"end":{"line":56,"column":109}},"type":"if","locations":[{"start":{"line":56,"column":7},"end":{"line":56,"column":109}},{"start":{},"end":{}}],"line":56},"5":{"loc":{"start":{"line":80,"column":6},"end":{"line":80,"column":84}},"type":"if","locations":[{"start":{"line":80,"column":6},"end":{"line":80,"column":84}},{"start":{},"end":{}}],"line":80},"6":{"loc":{"start":{"line":81,"column":6},"end":{"line":81,"column":63}},"type":"if","locations":[{"start":{"line":81,"column":6},"end":{"line":81,"column":63}},{"start":{},"end":{}}],"line":81}},"s":{"0":1,"1":0,"2":0,"3":0,"4":0,"5":0,"6":0,"7":0,"8":0,"9":0,"10":0,"11":0,"12":0,"13":0,"14":0,"15":0,"16":0,"17":0,"18":0,"19":0,"20":0,"21":0,"22":0,"23":0,"24":0,"25":0,"26":0,"27":0,"28":0,"29":0,"30":1,"31":0,"32":0,"33":0,"34":0,"35":0,"36":0,"37":0,"38":1,"39":0,"40":0,"41":0,"42":0,"43":0},"f":{"0":0,"1":0,"2":0,"3":0,"4":0,"5":0,"6":0,"7":0},"b":{"0":[0,0],"1":[0,0],"2":[0,0],"3":[0,0],"4":[0,0],"5":[0,0],"6":[0,0]},"_coverageSchema":"1a1c01bbd47fc00a2c39e90264f33305004495a9","hash":"bcbeeb1e0a5c5bb89fb4a5bebcccf6b879f9a7e8"}
,"C:\\Users\\ARMSTRONG\\Desktop\\node test\\src\\routes\\comments.js": {"path":"C:\\Users\\ARMSTRONG\\Desktop\\node test\\src\\routes\\comments.js","statementMap":{"0":{"start":{"line":6,"column":34},"end":{"line":6,"column":36}},"1":{"start":{"line":7,"column":22},"end":{"line":7,"column":23}},"2":{"start":{"line":8,"column":33},"end":{"line":11,"column":9}},"3":{"start":{"line":12,"column":8},"end":{"line":33,"column":11}},"4":{"start":{"line":13,"column":12},"end":{"line":14,"column":29}},"5":{"start":{"line":14,"column":16},"end":{"line":14,"column":29}},"6":{"start":{"line":15,"column":16},"end":{"line":15,"column":37}},"7":{"start":{"line":18,"column":12},"end":{"line":28,"column":14}},"8":{"start":{"line":20,"column":16},"end":{"line":20,"column":39}},"9":{"start":{"line":21,"column":16},"end":{"line":26,"column":18}},"10":{"start":{"line":22,"column":20},"end":{"line":25,"column":21}},"11":{"start":{"line":23,"column":24},"end":{"line":23,"column":52}},"12":{"start":{"line":24,"column":24},"end":{"line":24,"column":35}},"13":{"start":{"line":29,"column":12},"end":{"line":29,"column":32}},"14":{"start":{"line":31,"column":12},"end":{"line":31,"column":52}},"15":{"start":{"line":32,"column":12},"end":{"line":32,"column":40}},"16":{"start":{"line":37,"column":19},"end":{"line":37,"column":31}},"17":{"start":{"line":38,"column":8},"end":{"line":38,"column":23}},"18":{"start":{"line":39,"column":8},"end":{"line":62,"column":9}},"19":{"start":{"line":40,"column":12},"end":{"line":40,"column":47}},"20":{"start":{"line":41,"column":14},"end":{"line":62,"column":9}},"21":{"start":{"line":42,"column":12},"end":{"line":42,"column":45}},"22":{"start":{"line":44,"column":32},"end":{"line":49,"column":22}},"23":{"start":{"line":50,"column":12},"end":{"line":61,"column":14}},"24":{"start":{"line":55,"column":20},"end":{"line":59,"column":21}},"25":{"start":{"line":56,"column":24},"end":{"line":56,"column":38}},"26":{"start":{"line":58,"column":24},"end":{"line":58,"column":41}},"27":{"start":{"line":65,"column":8},"end":{"line":84,"column":10}},"28":{"start":{"line":66,"column":24},"end":{"line":66,"column":36}},"29":{"start":{"line":67,"column":28},"end":{"line":67,"column":42}},"30":{"start":{"line":68,"column":24},"end":{"line":68,"column":44}},"31":{"start":{"line":69,"column":12},"end":{"line":69,"column":35}},"32":{"start":{"line":70,"column":12},"end":{"line":70,"column":33}},"33":{"start":{"line":71,"column":12},"end":{"line":71,"column":31}},"34":{"start":{"line":73,"column":12},"end":{"line":83,"column":13}},"35":{"start":{"line":74,"column":16},"end":{"line":74,"column":34}},"36":{"start":{"line":76,"column":16},"end":{"line":82,"column":17}},"37":{"start":{"line":79,"column":24},"end":{"line":79,"column":72}},"38":{"start":{"line":79,"column":32},"end":{"line":79,"column":72}},"39":{"start":{"line":80,"column":24},"end":{"line":80,"column":40}}},"fnMap":{"0":{"name":"(anonymous_0)","decl":{"start":{"line":5,"column":4},"end":{"line":5,"column":5}},"loc":{"start":{"line":5,"column":33},"end":{"line":34,"column":5}},"line":5},"1":{"name":"(anonymous_1)","decl":{"start":{"line":12,"column":51},"end":{"line":12,"column":52}},"loc":{"start":{"line":12,"column":75},"end":{"line":33,"column":9}},"line":12},"2":{"name":"(anonymous_2)","decl":{"start":{"line":18,"column":29},"end":{"line":18,"column":30}},"loc":{"start":{"line":18,"column":37},"end":{"line":28,"column":13}},"line":18},"3":{"name":"(anonymous_3)","decl":{"start":{"line":21,"column":37},"end":{"line":21,"column":38}},"loc":{"start":{"line":21,"column":45},"end":{"line":26,"column":17}},"line":21},"4":{"name":"(anonymous_4)","decl":{"start":{"line":36,"column":4},"end":{"line":36,"column":5}},"loc":{"start":{"line":36,"column":35},"end":{"line":63,"column":5}},"line":36},"5":{"name":"(anonymous_5)","decl":{"start":{"line":54,"column":16},"end":{"line":54,"column":17}},"loc":{"start":{"line":54,"column":39},"end":{"line":60,"column":17}},"line":54},"6":{"name":"(anonymous_6)","decl":{"start":{"line":64,"column":4},"end":{"line":64,"column":5}},"loc":{"start":{"line":64,"column":30},"end":{"line":85,"column":5}},"line":64},"7":{"name":"(anonymous_7)","decl":{"start":{"line":65,"column":41},"end":{"line":65,"column":42}},"loc":{"start":{"line":65,"column":54},"end":{"line":84,"column":9}},"line":65},"8":{"name":"(anonymous_8)","decl":{"start":{"line":78,"column":20},"end":{"line":78,"column":21}},"loc":{"start":{"line":78,"column":36},"end":{"line":81,"column":21}},"line":78}},"branchMap":{"0":{"loc":{"start":{"line":13,"column":12},"end":{"line":14,"column":29}},"type":"if","locations":[{"start":{"line":13,"column":12},"end":{"line":14,"column":29}},{"start":{},"end":{}}],"line":13},"1":{"loc":{"start":{"line":22,"column":20},"end":{"line":25,"column":21}},"type":"if","locations":[{"start":{"line":22,"column":20},"end":{"line":25,"column":21}},{"start":{},"end":{}}],"line":22},"2":{"loc":{"start":{"line":39,"column":8},"end":{"line":62,"column":9}},"type":"if","locations":[{"start":{"line":39,"column":8},"end":{"line":62,"column":9}},{"start":{"line":41,"column":14},"end":{"line":62,"column":9}}],"line":39},"3":{"loc":{"start":{"line":41,"column":14},"end":{"line":62,"column":9}},"type":"if","locations":[{"start":{"line":41,"column":14},"end":{"line":62,"column":9}},{"start":{"line":43,"column":13},"end":{"line":62,"column":9}}],"line":41},"4":{"loc":{"start":{"line":55,"column":20},"end":{"line":59,"column":21}},"type":"if","locations":[{"start":{"line":55,"column":20},"end":{"line":59,"column":21}},{"start":{"line":57,"column":25},"end":{"line":59,"column":21}}],"line":55},"5":{"loc":{"start":{"line":73,"column":12},"end":{"line":83,"column":13}},"type":"if","locations":[{"start":{"line":73,"column":12},"end":{"line":83,"column":13}},{"start":{"line":75,"column":17},"end":{"line":83,"column":13}}],"line":73},"6":{"loc":{"start":{"line":79,"column":24},"end":{"line":79,"column":72}},"type":"if","locations":[{"start":{"line":79,"column":24},"end":{"line":79,"column":72}},{"start":{},"end":{}}],"line":79}},"s":{"0":0,"1":0,"2":0,"3":0,"4":0,"5":0,"6":0,"7":0,"8":0,"9":0,"10":0,"11":0,"12":0,"13":0,"14":0,"15":0,"16":0,"17":0,"18":0,"19":0,"20":0,"21":0,"22":0,"23":0,"24":0,"25":0,"26":0,"27":0,"28":0,"29":0,"30":0,"31":0,"32":0,"33":0,"34":0,"35":0,"36":0,"37":0,"38":0,"39":0},"f":{"0":0,"1":0,"2":0,"3":0,"4":0,"5":0,"6":0,"7":0,"8":0},"b":{"0":[0,0],"1":[0,0],"2":[0,0],"3":[0,0],"4":[0,0],"5":[0,0],"6":[0,0]},"_coverageSchema":"1a1c01bbd47fc00a2c39e90264f33305004495a9","hash":"b22a0c7acf2fabc28d1945ac4c583eed3d089bdb"}
,"C:\\Users\\ARMSTRONG\\Desktop\\node test\\src\\routes\\config.js": {"path":"C:\\Users\\ARMSTRONG\\Desktop\\node test\\src\\routes\\config.js","statementMap":{"0":{"start":{"line":1,"column":12},"end":{"line":3,"column":3}}},"fnMap":{},"branchMap":{},"s":{"0":1},"f":{},"b":{},"_coverageSchema":"1a1c01bbd47fc00a2c39e90264f33305004495a9","hash":"22d0265718762d0e95c2fceff835ecfabe67698f"}
,"C:\\Users\\ARMSTRONG\\Desktop\\node test\\src\\routes\\contacts.js": {"path":"C:\\Users\\ARMSTRONG\\Desktop\\node test\\src\\routes\\contacts.js","statementMap":{"0":{"start":{"line":6,"column":8},"end":{"line":11,"column":11}},"1":{"start":{"line":7,"column":12},"end":{"line":8,"column":29}},"2":{"start":{"line":8,"column":16},"end":{"line":8,"column":29}},"3":{"start":{"line":9,"column":12},"end":{"line":9,"column":31}},"4":{"start":{"line":16,"column":16},"end":{"line":30,"column":18}},"5":{"start":{"line":23,"column":24},"end":{"line":28,"column":25}},"6":{"start":{"line":24,"column":28},"end":{"line":24,"column":49}},"7":{"start":{"line":26,"column":28},"end":{"line":26,"column":45}},"8":{"start":{"line":35,"column":25},"end":{"line":35,"column":36}},"9":{"start":{"line":36,"column":16},"end":{"line":45,"column":18}},"10":{"start":{"line":38,"column":24},"end":{"line":43,"column":25}},"11":{"start":{"line":39,"column":28},"end":{"line":39,"column":42}},"12":{"start":{"line":41,"column":28},"end":{"line":41,"column":47}}},"fnMap":{"0":{"name":"(anonymous_0)","decl":{"start":{"line":5,"column":4},"end":{"line":5,"column":5}},"loc":{"start":{"line":5,"column":33},"end":{"line":12,"column":5}},"line":5},"1":{"name":"(anonymous_1)","decl":{"start":{"line":6,"column":27},"end":{"line":6,"column":28}},"loc":{"start":{"line":6,"column":51},"end":{"line":11,"column":9}},"line":6},"2":{"name":"(anonymous_2)","decl":{"start":{"line":14,"column":4},"end":{"line":14,"column":5}},"loc":{"start":{"line":14,"column":35},"end":{"line":31,"column":13}},"line":14},"3":{"name":"(anonymous_3)","decl":{"start":{"line":22,"column":20},"end":{"line":22,"column":21}},"loc":{"start":{"line":22,"column":43},"end":{"line":29,"column":21}},"line":22},"4":{"name":"(anonymous_4)","decl":{"start":{"line":33,"column":4},"end":{"line":33,"column":5}},"loc":{"start":{"line":33,"column":35},"end":{"line":46,"column":13}},"line":33},"5":{"name":"(anonymous_5)","decl":{"start":{"line":37,"column":20},"end":{"line":37,"column":21}},"loc":{"start":{"line":37,"column":45},"end":{"line":44,"column":21}},"line":37}},"branchMap":{"0":{"loc":{"start":{"line":7,"column":12},"end":{"line":8,"column":29}},"type":"if","locations":[{"start":{"line":7,"column":12},"end":{"line":8,"column":29}},{"start":{},"end":{}}],"line":7},"1":{"loc":{"start":{"line":23,"column":24},"end":{"line":28,"column":25}},"type":"if","locations":[{"start":{"line":23,"column":24},"end":{"line":28,"column":25}},{"start":{"line":25,"column":29},"end":{"line":28,"column":25}}],"line":23},"2":{"loc":{"start":{"line":38,"column":24},"end":{"line":43,"column":25}},"type":"if","locations":[{"start":{"line":38,"column":24},"end":{"line":43,"column":25}},{"start":{"line":40,"column":29},"end":{"line":43,"column":25}}],"line":38}},"s":{"0":0,"1":0,"2":0,"3":0,"4":0,"5":0,"6":0,"7":0,"8":0,"9":0,"10":0,"11":0,"12":0},"f":{"0":0,"1":0,"2":0,"3":0,"4":0,"5":0},"b":{"0":[0,0],"1":[0,0],"2":[0,0]},"_coverageSchema":"1a1c01bbd47fc00a2c39e90264f33305004495a9","hash":"4b99f5e30b87e864092099c3878317094f689ad1"}
,"C:\\Users\\ARMSTRONG\\Desktop\\node test\\src\\routes\\newsletter.js": {"path":"C:\\Users\\ARMSTRONG\\Desktop\\node test\\src\\routes\\newsletter.js","statementMap":{"0":{"start":{"line":9,"column":21},"end":{"line":9,"column":32}},"1":{"start":{"line":12,"column":12},"end":{"line":24,"column":13}},"2":{"start":{"line":15,"column":20},"end":{"line":22,"column":22}},"3":{"start":{"line":16,"column":24},"end":{"line":17,"column":73}},"4":{"start":{"line":17,"column":28},"end":{"line":17,"column":73}},"5":{"start":{"line":18,"column":28},"end":{"line":18,"column":44}},"6":{"start":{"line":19,"column":24},"end":{"line":19,"column":46}},"7":{"start":{"line":26,"column":16},"end":{"line":31,"column":19}},"8":{"start":{"line":27,"column":20},"end":{"line":28,"column":44}},"9":{"start":{"line":28,"column":24},"end":{"line":28,"column":44}},"10":{"start":{"line":29,"column":20},"end":{"line":29,"column":47}},"11":{"start":{"line":46,"column":16},"end":{"line":65,"column":17}},"12":{"start":{"line":47,"column":20},"end":{"line":62,"column":22}},"13":{"start":{"line":54,"column":28},"end":{"line":60,"column":29}},"14":{"start":{"line":55,"column":32},"end":{"line":55,"column":66}},"15":{"start":{"line":57,"column":32},"end":{"line":57,"column":58}},"16":{"start":{"line":64,"column":20},"end":{"line":64,"column":29}},"17":{"start":{"line":71,"column":25},"end":{"line":71,"column":36}},"18":{"start":{"line":72,"column":16},"end":{"line":85,"column":17}},"19":{"start":{"line":73,"column":20},"end":{"line":82,"column":22}},"20":{"start":{"line":75,"column":28},"end":{"line":80,"column":29}},"21":{"start":{"line":76,"column":32},"end":{"line":76,"column":66}},"22":{"start":{"line":78,"column":31},"end":{"line":78,"column":57}},"23":{"start":{"line":84,"column":20},"end":{"line":84,"column":29}}},"fnMap":{"0":{"name":"(anonymous_0)","decl":{"start":{"line":7,"column":4},"end":{"line":7,"column":5}},"loc":{"start":{"line":7,"column":29},"end":{"line":37,"column":9}},"line":7},"1":{"name":"(anonymous_1)","decl":{"start":{"line":15,"column":57},"end":{"line":15,"column":58}},"loc":{"start":{"line":15,"column":71},"end":{"line":22,"column":21}},"line":15},"2":{"name":"(anonymous_2)","decl":{"start":{"line":26,"column":37},"end":{"line":26,"column":38}},"loc":{"start":{"line":26,"column":62},"end":{"line":31,"column":17}},"line":26},"3":{"name":"(anonymous_3)","decl":{"start":{"line":43,"column":4},"end":{"line":43,"column":5}},"loc":{"start":{"line":43,"column":38},"end":{"line":67,"column":13}},"line":43},"4":{"name":"(anonymous_4)","decl":{"start":{"line":53,"column":24},"end":{"line":53,"column":25}},"loc":{"start":{"line":53,"column":49},"end":{"line":61,"column":25}},"line":53},"5":{"name":"(anonymous_5)","decl":{"start":{"line":69,"column":4},"end":{"line":69,"column":5}},"loc":{"start":{"line":69,"column":38},"end":{"line":87,"column":13}},"line":69},"6":{"name":"(anonymous_6)","decl":{"start":{"line":74,"column":24},"end":{"line":74,"column":25}},"loc":{"start":{"line":74,"column":49},"end":{"line":81,"column":25}},"line":74}},"branchMap":{"0":{"loc":{"start":{"line":12,"column":12},"end":{"line":24,"column":13}},"type":"if","locations":[{"start":{"line":12,"column":12},"end":{"line":24,"column":13}},{"start":{},"end":{}}],"line":12},"1":{"loc":{"start":{"line":16,"column":24},"end":{"line":17,"column":73}},"type":"if","locations":[{"start":{"line":16,"column":24},"end":{"line":17,"column":73}},{"start":{},"end":{}}],"line":16},"2":{"loc":{"start":{"line":27,"column":20},"end":{"line":28,"column":44}},"type":"if","locations":[{"start":{"line":27,"column":20},"end":{"line":28,"column":44}},{"start":{},"end":{}}],"line":27},"3":{"loc":{"start":{"line":54,"column":28},"end":{"line":60,"column":29}},"type":"if","locations":[{"start":{"line":54,"column":28},"end":{"line":60,"column":29}},{"start":{"line":56,"column":33},"end":{"line":60,"column":29}}],"line":54},"4":{"loc":{"start":{"line":75,"column":28},"end":{"line":80,"column":29}},"type":"if","locations":[{"start":{"line":75,"column":28},"end":{"line":80,"column":29}},{"start":{"line":77,"column":33},"end":{"line":80,"column":29}}],"line":75}},"s":{"0":0,"1":0,"2":0,"3":0,"4":0,"5":0,"6":0,"7":0,"8":0,"9":0,"10":0,"11":0,"12":0,"13":0,"14":0,"15":0,"16":0,"17":0,"18":0,"19":0,"20":0,"21":0,"22":0,"23":0},"f":{"0":0,"1":0,"2":0,"3":0,"4":0,"5":0,"6":0},"b":{"0":[0,0],"1":[0,0],"2":[0,0],"3":[0,0],"4":[0,0]},"_coverageSchema":"1a1c01bbd47fc00a2c39e90264f33305004495a9","hash":"51b2d7d5f27034e6ef1df23fb365f0c41a962d26"}
,"C:\\Users\\ARMSTRONG\\Desktop\\node test\\src\\routes\\projects.js": {"path":"C:\\Users\\ARMSTRONG\\Desktop\\node test\\src\\routes\\projects.js","statementMap":{"0":{"start":{"line":8,"column":29},"end":{"line":8,"column":37}},"1":{"start":{"line":10,"column":16},"end":{"line":14,"column":17}},"2":{"start":{"line":11,"column":34},"end":{"line":11,"column":67}},"3":{"start":{"line":12,"column":20},"end":{"line":12,"column":46}},"4":{"start":{"line":13,"column":20},"end":{"line":13,"column":38}},"5":{"start":{"line":15,"column":16},"end":{"line":15,"column":65}},"6":{"start":{"line":16,"column":16},"end":{"line":30,"column":14}},"7":{"start":{"line":23,"column":20},"end":{"line":28,"column":21}},"8":{"start":{"line":24,"column":24},"end":{"line":24,"column":51}},"9":{"start":{"line":26,"column":24},"end":{"line":26,"column":41}},"10":{"start":{"line":35,"column":17},"end":{"line":35,"column":29}},"11":{"start":{"line":37,"column":8},"end":{"line":51,"column":9}},"12":{"start":{"line":38,"column":12},"end":{"line":43,"column":14}},"13":{"start":{"line":39,"column":16},"end":{"line":41,"column":17}},"14":{"start":{"line":40,"column":20},"end":{"line":40,"column":33}},"15":{"start":{"line":42,"column":16},"end":{"line":42,"column":37}},"16":{"start":{"line":45,"column":12},"end":{"line":50,"column":15}},"17":{"start":{"line":46,"column":16},"end":{"line":47,"column":33}},"18":{"start":{"line":47,"column":20},"end":{"line":47,"column":33}},"19":{"start":{"line":48,"column":16},"end":{"line":48,"column":35}}},"fnMap":{"0":{"name":"(anonymous_0)","decl":{"start":{"line":6,"column":4},"end":{"line":6,"column":5}},"loc":{"start":{"line":6,"column":35},"end":{"line":31,"column":13}},"line":6},"1":{"name":"(anonymous_1)","decl":{"start":{"line":22,"column":16},"end":{"line":22,"column":17}},"loc":{"start":{"line":22,"column":39},"end":{"line":29,"column":17}},"line":22},"2":{"name":"(anonymous_2)","decl":{"start":{"line":34,"column":4},"end":{"line":34,"column":5}},"loc":{"start":{"line":34,"column":32},"end":{"line":54,"column":5}},"line":34},"3":{"name":"(anonymous_3)","decl":{"start":{"line":38,"column":39},"end":{"line":38,"column":40}},"loc":{"start":{"line":38,"column":60},"end":{"line":43,"column":13}},"line":38},"4":{"name":"(anonymous_4)","decl":{"start":{"line":45,"column":31},"end":{"line":45,"column":32}},"loc":{"start":{"line":45,"column":55},"end":{"line":50,"column":13}},"line":45}},"branchMap":{"0":{"loc":{"start":{"line":10,"column":16},"end":{"line":14,"column":17}},"type":"if","locations":[{"start":{"line":10,"column":16},"end":{"line":14,"column":17}},{"start":{},"end":{}}],"line":10},"1":{"loc":{"start":{"line":23,"column":20},"end":{"line":28,"column":21}},"type":"if","locations":[{"start":{"line":23,"column":20},"end":{"line":28,"column":21}},{"start":{"line":25,"column":25},"end":{"line":28,"column":21}}],"line":23},"2":{"loc":{"start":{"line":37,"column":8},"end":{"line":51,"column":9}},"type":"if","locations":[{"start":{"line":37,"column":8},"end":{"line":51,"column":9}},{"start":{"line":44,"column":13},"end":{"line":51,"column":9}}],"line":37},"3":{"loc":{"start":{"line":39,"column":16},"end":{"line":41,"column":17}},"type":"if","locations":[{"start":{"line":39,"column":16},"end":{"line":41,"column":17}},{"start":{},"end":{}}],"line":39},"4":{"loc":{"start":{"line":46,"column":16},"end":{"line":47,"column":33}},"type":"if","locations":[{"start":{"line":46,"column":16},"end":{"line":47,"column":33}},{"start":{},"end":{}}],"line":46}},"s":{"0":0,"1":0,"2":0,"3":0,"4":0,"5":0,"6":0,"7":0,"8":0,"9":0,"10":0,"11":0,"12":0,"13":0,"14":0,"15":0,"16":0,"17":0,"18":0,"19":0},"f":{"0":0,"1":0,"2":0,"3":0,"4":0},"b":{"0":[0,0],"1":[0,0],"2":[0,0],"3":[0,0],"4":[0,0]},"_coverageSchema":"1a1c01bbd47fc00a2c39e90264f33305004495a9","hash":"622bb2a82820d76acb694ee4c77ac9a9beb8785e"}
,"C:\\Users\\ARMSTRONG\\Desktop\\node test\\src\\routes\\skills.js": {"path":"C:\\Users\\ARMSTRONG\\Desktop\\node test\\src\\routes\\skills.js","statementMap":{"0":{"start":{"line":9,"column":21},"end":{"line":9,"column":29}},"1":{"start":{"line":11,"column":8},"end":{"line":15,"column":9}},"2":{"start":{"line":12,"column":26},"end":{"line":12,"column":59}},"3":{"start":{"line":13,"column":12},"end":{"line":13,"column":38}},"4":{"start":{"line":14,"column":12},"end":{"line":14,"column":30}},"5":{"start":{"line":16,"column":8},"end":{"line":30,"column":6}},"6":{"start":{"line":23,"column":12},"end":{"line":28,"column":13}},"7":{"start":{"line":24,"column":16},"end":{"line":24,"column":43}},"8":{"start":{"line":26,"column":16},"end":{"line":26,"column":31}},"9":{"start":{"line":34,"column":17},"end":{"line":34,"column":29}},"10":{"start":{"line":35,"column":8},"end":{"line":49,"column":9}},"11":{"start":{"line":36,"column":12},"end":{"line":41,"column":14}},"12":{"start":{"line":37,"column":16},"end":{"line":39,"column":17}},"13":{"start":{"line":38,"column":20},"end":{"line":38,"column":33}},"14":{"start":{"line":40,"column":16},"end":{"line":40,"column":36}},"15":{"start":{"line":43,"column":12},"end":{"line":48,"column":15}},"16":{"start":{"line":44,"column":16},"end":{"line":45,"column":33}},"17":{"start":{"line":45,"column":20},"end":{"line":45,"column":33}},"18":{"start":{"line":46,"column":16},"end":{"line":46,"column":33}},"19":{"start":{"line":47,"column":16},"end":{"line":47,"column":48}}},"fnMap":{"0":{"name":"(anonymous_0)","decl":{"start":{"line":7,"column":4},"end":{"line":7,"column":5}},"loc":{"start":{"line":7,"column":34},"end":{"line":31,"column":13}},"line":7},"1":{"name":"(anonymous_1)","decl":{"start":{"line":22,"column":8},"end":{"line":22,"column":9}},"loc":{"start":{"line":22,"column":29},"end":{"line":29,"column":9}},"line":22},"2":{"name":"(anonymous_2)","decl":{"start":{"line":33,"column":4},"end":{"line":33,"column":5}},"loc":{"start":{"line":33,"column":31},"end":{"line":50,"column":5}},"line":33},"3":{"name":"(anonymous_3)","decl":{"start":{"line":36,"column":37},"end":{"line":36,"column":38}},"loc":{"start":{"line":36,"column":57},"end":{"line":41,"column":13}},"line":36},"4":{"name":"(anonymous_4)","decl":{"start":{"line":43,"column":29},"end":{"line":43,"column":30}},"loc":{"start":{"line":43,"column":51},"end":{"line":48,"column":13}},"line":43}},"branchMap":{"0":{"loc":{"start":{"line":11,"column":8},"end":{"line":15,"column":9}},"type":"if","locations":[{"start":{"line":11,"column":8},"end":{"line":15,"column":9}},{"start":{},"end":{}}],"line":11},"1":{"loc":{"start":{"line":23,"column":12},"end":{"line":28,"column":13}},"type":"if","locations":[{"start":{"line":23,"column":12},"end":{"line":28,"column":13}},{"start":{"line":25,"column":17},"end":{"line":28,"column":13}}],"line":23},"2":{"loc":{"start":{"line":35,"column":8},"end":{"line":49,"column":9}},"type":"if","locations":[{"start":{"line":35,"column":8},"end":{"line":49,"column":9}},{"start":{"line":42,"column":13},"end":{"line":49,"column":9}}],"line":35},"3":{"loc":{"start":{"line":37,"column":16},"end":{"line":39,"column":17}},"type":"if","locations":[{"start":{"line":37,"column":16},"end":{"line":39,"column":17}},{"start":{},"end":{}}],"line":37},"4":{"loc":{"start":{"line":44,"column":16},"end":{"line":45,"column":33}},"type":"if","locations":[{"start":{"line":44,"column":16},"end":{"line":45,"column":33}},{"start":{},"end":{}}],"line":44}},"s":{"0":0,"1":0,"2":0,"3":0,"4":0,"5":0,"6":0,"7":0,"8":0,"9":0,"10":0,"11":0,"12":0,"13":0,"14":0,"15":0,"16":0,"17":0,"18":0,"19":0},"f":{"0":0,"1":0,"2":0,"3":0,"4":0},"b":{"0":[0,0],"1":[0,0],"2":[0,0],"3":[0,0],"4":[0,0]},"_coverageSchema":"1a1c01bbd47fc00a2c39e90264f33305004495a9","hash":"1b374acc188142816ddc615eb73b634ab2b00679"}
}
