{"C:\\Users\\ARMSTRONG\\Desktop\\node test\\commentsch.js": {"path":"C:\\Users\\ARMSTRONG\\Desktop\\node test\\commentsch.js","statementMap":{"0":{"start":{"line":2,"column":19},"end":{"line":2,"column":27}},"1":{"start":{"line":3,"column":21},"end":{"line":17,"column":4}},"2":{"start":{"line":19,"column":16},"end":{"line":19,"column":59}}},"fnMap":{},"branchMap":{},"s":{"0":2,"1":2,"2":2},"f":{},"b":{},"_coverageSchema":"1a1c01bbd47fc00a2c39e90264f33305004495a9","hash":"13e992c6ab47deec853e1b781242edae5d804817"}
,"C:\\Users\\ARMSTRONG\\Desktop\\node test\\config.js": {"path":"C:\\Users\\ARMSTRONG\\Desktop\\node test\\config.js","statementMap":{"0":{"start":{"line":3,"column":0},"end":{"line":3,"column":16}},"1":{"start":{"line":5,"column":15},"end":{"line":14,"column":1}},"2":{"start":{"line":15,"column":22},"end":{"line":15,"column":50}}},"fnMap":{},"branchMap":{},"s":{"0":2,"1":2,"2":2},"f":{},"b":{},"_coverageSchema":"1a1c01bbd47fc00a2c39e90264f33305004495a9","hash":"638a619e09f5bba08c25cb893ede78e5df24a838"}
,"C:\\Users\\ARMSTRONG\\Desktop\\node test\\index.js": {"path":"C:\\Users\\ARMSTRONG\\Desktop\\node test\\index.js","statementMap":{"0":{"start":{"line":11,"column":0},"end":{"line":11,"column":19}},"1":{"start":{"line":12,"column":16},"end":{"line":12,"column":34}},"2":{"start":{"line":15,"column":0},"end":{"line":23,"column":2}},"3":{"start":{"line":16,"column":4},"end":{"line":20,"column":5}},"4":{"start":{"line":17,"column":8},"end":{"line":17,"column":45}},"5":{"start":{"line":19,"column":8},"end":{"line":19,"column":24}},"6":{"start":{"line":24,"column":12},"end":{"line":24,"column":21}},"7":{"start":{"line":26,"column":0},"end":{"line":26,"column":15}},"8":{"start":{"line":27,"column":0},"end":{"line":27,"column":23}},"9":{"start":{"line":28,"column":0},"end":{"line":28,"column":15}},"10":{"start":{"line":33,"column":13},"end":{"line":33,"column":43}},"11":{"start":{"line":132,"column":0},"end":{"line":135,"column":10}},"12":{"start":{"line":133,"column":4},"end":{"line":135,"column":9}},"13":{"start":{"line":134,"column":8},"end":{"line":134,"column":61}}},"fnMap":{"0":{"name":"(anonymous_0)","decl":{"start":{"line":15,"column":120},"end":{"line":15,"column":121}},"loc":{"start":{"line":15,"column":132},"end":{"line":23,"column":1}},"line":15},"1":{"name":"(anonymous_1)","decl":{"start":{"line":133,"column":21},"end":{"line":133,"column":22}},"loc":{"start":{"line":133,"column":32},"end":{"line":135,"column":7}},"line":133}},"branchMap":{"0":{"loc":{"start":{"line":12,"column":16},"end":{"line":12,"column":34}},"type":"binary-expr","locations":[{"start":{"line":12,"column":16},"end":{"line":12,"column":22}},{"start":{"line":12,"column":25},"end":{"line":12,"column":34}}],"line":12},"1":{"loc":{"start":{"line":16,"column":4},"end":{"line":20,"column":5}},"type":"if","locations":[{"start":{"line":16,"column":4},"end":{"line":20,"column":5}},{"start":{"line":18,"column":10},"end":{"line":20,"column":5}}],"line":16},"2":{"loc":{"start":{"line":33,"column":13},"end":{"line":33,"column":43}},"type":"binary-expr","locations":[{"start":{"line":33,"column":13},"end":{"line":33,"column":29}},{"start":{"line":33,"column":31},"end":{"line":33,"column":35}},{"start":{"line":33,"column":39},"end":{"line":33,"column":43}}],"line":33},"3":{"loc":{"start":{"line":132,"column":0},"end":{"line":135,"column":10}},"type":"if","locations":[{"start":{"line":132,"column":0},"end":{"line":135,"column":10}},{"start":{},"end":{}}],"line":132}},"s":{"0":2,"1":2,"2":2,"3":2,"4":2,"5":0,"6":2,"7":2,"8":2,"9":2,"10":2,"11":2,"12":0,"13":0},"f":{"0":2,"1":0},"b":{"0":[2,0],"1":[2,0],"2":[2,2,0],"3":[0,2]},"_coverageSchema":"1a1c01bbd47fc00a2c39e90264f33305004495a9","hash":"3b007e14dee82cff9f3667934ab266299ee8251f"}
,"C:\\Users\\ARMSTRONG\\Desktop\\node test\\scheem-model.js": {"path":"C:\\Users\\ARMSTRONG\\Desktop\\node test\\scheem-model.js","statementMap":{"0":{"start":{"line":2,"column":19},"end":{"line":2,"column":27}},"1":{"start":{"line":4,"column":19},"end":{"line":14,"column":2}},"2":{"start":{"line":15,"column":13},"end":{"line":15,"column":51}}},"fnMap":{},"branchMap":{},"s":{"0":2,"1":2,"2":2},"f":{},"b":{},"_coverageSchema":"1a1c01bbd47fc00a2c39e90264f33305004495a9","hash":"b9be6547172d677e43f1041cbde9ab6c8fa3a325"}
,"C:\\Users\\ARMSTRONG\\Desktop\\node test\\src\\config\\errorhandles.js": {"path":"C:\\Users\\ARMSTRONG\\Desktop\\node test\\src\\config\\errorhandles.js","statementMap":{"0":{"start":{"line":2,"column":17},"end":{"line":2,"column":19}},"1":{"start":{"line":3,"column":4},"end":{"line":9,"column":5}},"2":{"start":{"line":4,"column":8},"end":{"line":8,"column":11}},"3":{"start":{"line":5,"column":12},"end":{"line":5,"column":35}},"4":{"start":{"line":6,"column":23},"end":{"line":6,"column":38}},"5":{"start":{"line":7,"column":12},"end":{"line":7,"column":45}},"6":{"start":{"line":10,"column":4},"end":{"line":10,"column":17}}},"fnMap":{"0":{"name":"parserError","decl":{"start":{"line":1,"column":16},"end":{"line":1,"column":27}},"loc":{"start":{"line":1,"column":35},"end":{"line":11,"column":1}},"line":1},"1":{"name":"(anonymous_1)","decl":{"start":{"line":4,"column":44},"end":{"line":4,"column":45}},"loc":{"start":{"line":4,"column":62},"end":{"line":8,"column":9}},"line":4}},"branchMap":{"0":{"loc":{"start":{"line":3,"column":4},"end":{"line":9,"column":5}},"type":"if","locations":[{"start":{"line":3,"column":4},"end":{"line":9,"column":5}},{"start":{},"end":{}}],"line":3}},"s":{"0":0,"1":0,"2":0,"3":0,"4":0,"5":0,"6":0},"f":{"0":0,"1":0},"b":{"0":[0,0]},"_coverageSchema":"1a1c01bbd47fc00a2c39e90264f33305004495a9","hash":"cee2446c8edbd453e7917ce9db61d5ec0bc8ee56"}
,"C:\\Users\\ARMSTRONG\\Desktop\\node test\\src\\config\\upload.js": {"path":"C:\\Users\\ARMSTRONG\\Desktop\\node test\\src\\config\\upload.js","statementMap":{"0":{"start":{"line":7,"column":28},"end":{"line":7,"column":31}},"1":{"start":{"line":22,"column":14},"end":{"line":41,"column":2}},"2":{"start":{"line":25,"column":8},"end":{"line":36,"column":9}},"3":{"start":{"line":26,"column":12},"end":{"line":26,"column":67}},"4":{"start":{"line":27,"column":14},"end":{"line":36,"column":9}},"5":{"start":{"line":28,"column":12},"end":{"line":28,"column":67}},"6":{"start":{"line":29,"column":14},"end":{"line":36,"column":9}},"7":{"start":{"line":30,"column":12},"end":{"line":30,"column":65}},"8":{"start":{"line":31,"column":14},"end":{"line":36,"column":9}},"9":{"start":{"line":32,"column":12},"end":{"line":32,"column":65}},"10":{"start":{"line":34,"column":12},"end":{"line":34,"column":49}},"11":{"start":{"line":39,"column":6},"end":{"line":39,"column":75}},"12":{"start":{"line":42,"column":22},"end":{"line":42,"column":50}}},"fnMap":{"0":{"name":"(anonymous_0)","decl":{"start":{"line":23,"column":17},"end":{"line":23,"column":18}},"loc":{"start":{"line":23,"column":42},"end":{"line":37,"column":5}},"line":23},"1":{"name":"(anonymous_1)","decl":{"start":{"line":38,"column":14},"end":{"line":38,"column":15}},"loc":{"start":{"line":38,"column":39},"end":{"line":40,"column":5}},"line":38}},"branchMap":{"0":{"loc":{"start":{"line":25,"column":8},"end":{"line":36,"column":9}},"type":"if","locations":[{"start":{"line":25,"column":8},"end":{"line":36,"column":9}},{"start":{"line":27,"column":14},"end":{"line":36,"column":9}}],"line":25},"1":{"loc":{"start":{"line":27,"column":14},"end":{"line":36,"column":9}},"type":"if","locations":[{"start":{"line":27,"column":14},"end":{"line":36,"column":9}},{"start":{"line":29,"column":14},"end":{"line":36,"column":9}}],"line":27},"2":{"loc":{"start":{"line":29,"column":14},"end":{"line":36,"column":9}},"type":"if","locations":[{"start":{"line":29,"column":14},"end":{"line":36,"column":9}},{"start":{"line":31,"column":14},"end":{"line":36,"column":9}}],"line":29},"3":{"loc":{"start":{"line":31,"column":14},"end":{"line":36,"column":9}},"type":"if","locations":[{"start":{"line":31,"column":14},"end":{"line":36,"column":9}},{"start":{"line":33,"column":13},"end":{"line":36,"column":9}}],"line":31}},"s":{"0":2,"1":2,"2":1,"3":1,"4":0,"5":0,"6":0,"7":0,"8":0,"9":0,"10":0,"11":1,"12":2},"f":{"0":1,"1":1},"b":{"0":[1,0],"1":[0,0],"2":[0,0],"3":[0,0]},"_coverageSchema":"1a1c01bbd47fc00a2c39e90264f33305004495a9","hash":"282c394f4c6621ce52ada493662119e021a3ddc1"}
,"C:\\Users\\ARMSTRONG\\Desktop\\node test\\src\\config\\verify.js": {"path":"C:\\Users\\ARMSTRONG\\Desktop\\node test\\src\\config\\verify.js","statementMap":{"0":{"start":{"line":39,"column":26},"end":{"line":39,"column":54}},"1":{"start":{"line":41,"column":4},"end":{"line":43,"column":82}},"2":{"start":{"line":43,"column":6},"end":{"line":43,"column":82}},"3":{"start":{"line":46,"column":19},"end":{"line":46,"column":42}},"4":{"start":{"line":47,"column":18},"end":{"line":47,"column":27}},"5":{"start":{"line":49,"column":4},"end":{"line":49,"column":22}},"6":{"start":{"line":50,"column":4},"end":{"line":57,"column":7}},"7":{"start":{"line":51,"column":6},"end":{"line":52,"column":95}},"8":{"start":{"line":52,"column":8},"end":{"line":52,"column":95}},"9":{"start":{"line":55,"column":6},"end":{"line":55,"column":30}},"10":{"start":{"line":56,"column":6},"end":{"line":56,"column":13}},"11":{"start":{"line":62,"column":0},"end":{"line":62,"column":34}}},"fnMap":{"0":{"name":"verifyToken","decl":{"start":{"line":4,"column":16},"end":{"line":4,"column":27}},"loc":{"start":{"line":4,"column":44},"end":{"line":61,"column":1}},"line":4},"1":{"name":"(anonymous_1)","decl":{"start":{"line":50,"column":37},"end":{"line":50,"column":38}},"loc":{"start":{"line":50,"column":60},"end":{"line":57,"column":5}},"line":50}},"branchMap":{"0":{"loc":{"start":{"line":41,"column":4},"end":{"line":43,"column":82}},"type":"if","locations":[{"start":{"line":41,"column":4},"end":{"line":43,"column":82}},{"start":{},"end":{}}],"line":41},"1":{"loc":{"start":{"line":51,"column":6},"end":{"line":52,"column":95}},"type":"if","locations":[{"start":{"line":51,"column":6},"end":{"line":52,"column":95}},{"start":{},"end":{}}],"line":51}},"s":{"0":6,"1":6,"2":1,"3":5,"4":5,"5":5,"6":5,"7":5,"8":0,"9":5,"10":5,"11":2},"f":{"0":6,"1":5},"b":{"0":[1,5],"1":[0,5]},"_coverageSchema":"1a1c01bbd47fc00a2c39e90264f33305004495a9","hash":"b8a28601caee829ee4b7851226ead1ca489c453a"}
,"C:\\Users\\ARMSTRONG\\Desktop\\node test\\src\\modules\\models.js": {"path":"C:\\Users\\ARMSTRONG\\Desktop\\node test\\src\\modules\\models.js","statementMap":{"0":{"start":{"line":4,"column":26},"end":{"line":4,"column":34}},"1":{"start":{"line":6,"column":17},"end":{"line":10,"column":2}},"2":{"start":{"line":12,"column":18},"end":{"line":17,"column":2}},"3":{"start":{"line":19,"column":20},"end":{"line":24,"column":2}},"4":{"start":{"line":26,"column":23},"end":{"line":31,"column":2}},"5":{"start":{"line":33,"column":21},"end":{"line":39,"column":2}},"6":{"start":{"line":41,"column":21},"end":{"line":46,"column":2}},"7":{"start":{"line":48,"column":19},"end":{"line":53,"column":2}},"8":{"start":{"line":55,"column":20},"end":{"line":60,"column":2}},"9":{"start":{"line":63,"column":20},"end":{"line":63,"column":61}},"10":{"start":{"line":64,"column":26},"end":{"line":64,"column":62}},"11":{"start":{"line":65,"column":29},"end":{"line":65,"column":73}},"12":{"start":{"line":66,"column":32},"end":{"line":66,"column":83}},"13":{"start":{"line":67,"column":29},"end":{"line":67,"column":74}},"14":{"start":{"line":68,"column":29},"end":{"line":68,"column":74}},"15":{"start":{"line":69,"column":27},"end":{"line":69,"column":66}},"16":{"start":{"line":70,"column":28},"end":{"line":70,"column":71}}},"fnMap":{},"branchMap":{},"s":{"0":2,"1":2,"2":2,"3":2,"4":2,"5":2,"6":2,"7":2,"8":2,"9":2,"10":2,"11":2,"12":2,"13":2,"14":2,"15":2,"16":2},"f":{},"b":{},"_coverageSchema":"1a1c01bbd47fc00a2c39e90264f33305004495a9","hash":"f89847ce194f96e5dd854d1f47301322211b3e25"}
,"C:\\Users\\ARMSTRONG\\Desktop\\node test\\src\\modules\\user.js": {"path":"C:\\Users\\ARMSTRONG\\Desktop\\node test\\src\\modules\\user.js","statementMap":{"0":{"start":{"line":2,"column":19},"end":{"line":2,"column":27}},"1":{"start":{"line":3,"column":17},"end":{"line":7,"column":2}},"2":{"start":{"line":8,"column":13},"end":{"line":8,"column":47}}},"fnMap":{},"branchMap":{},"s":{"0":2,"1":2,"2":2},"f":{},"b":{},"_coverageSchema":"1a1c01bbd47fc00a2c39e90264f33305004495a9","hash":"722f3457249e1d4783a6a808e9e5e9989022646f"}
,"C:\\Users\\ARMSTRONG\\Desktop\\node test\\src\\routes\\allroutes.js": {"path":"C:\\Users\\ARMSTRONG\\Desktop\\node test\\src\\routes\\allroutes.js","statementMap":{"0":{"start":{"line":14,"column":14},"end":{"line":14,"column":30}},"1":{"start":{"line":16,"column":0},"end":{"line":16,"column":49}},"2":{"start":{"line":17,"column":0},"end":{"line":17,"column":47}},"3":{"start":{"line":20,"column":0},"end":{"line":20,"column":54}},"4":{"start":{"line":21,"column":0},"end":{"line":21,"column":101}},"5":{"start":{"line":22,"column":0},"end":{"line":22,"column":104}},"6":{"start":{"line":23,"column":0},"end":{"line":23,"column":72}},"7":{"start":{"line":24,"column":0},"end":{"line":24,"column":25}},"8":{"start":{"line":26,"column":0},"end":{"line":26,"column":54}},"9":{"start":{"line":27,"column":0},"end":{"line":27,"column":56}},"10":{"start":{"line":30,"column":0},"end":{"line":30,"column":48}},"11":{"start":{"line":31,"column":0},"end":{"line":31,"column":94}},"12":{"start":{"line":33,"column":0},"end":{"line":33,"column":53}},"13":{"start":{"line":34,"column":0},"end":{"line":34,"column":101}},"14":{"start":{"line":37,"column":0},"end":{"line":37,"column":54}},"15":{"start":{"line":38,"column":0},"end":{"line":38,"column":69}},"16":{"start":{"line":39,"column":0},"end":{"line":39,"column":71}},"17":{"start":{"line":42,"column":0},"end":{"line":42,"column":54}},"18":{"start":{"line":43,"column":0},"end":{"line":43,"column":76}},"19":{"start":{"line":44,"column":0},"end":{"line":44,"column":79}}},"fnMap":{},"branchMap":{},"s":{"0":2,"1":2,"2":2,"3":2,"4":2,"5":2,"6":2,"7":2,"8":2,"9":2,"10":2,"11":2,"12":2,"13":2,"14":2,"15":2,"16":2,"17":2,"18":2,"19":2},"f":{},"b":{},"_coverageSchema":"1a1c01bbd47fc00a2c39e90264f33305004495a9","hash":"383aab340ead35fae18b15574d1ad4971164e25f"}
,"C:\\Users\\ARMSTRONG\\Desktop\\node test\\src\\routes\\article.route.js": {"path":"C:\\Users\\ARMSTRONG\\Desktop\\node test\\src\\routes\\article.route.js","statementMap":{"0":{"start":{"line":9,"column":17},"end":{"line":9,"column":29}},"1":{"start":{"line":11,"column":8},"end":{"line":26,"column":9}},"2":{"start":{"line":12,"column":12},"end":{"line":17,"column":14}},"3":{"start":{"line":13,"column":16},"end":{"line":15,"column":17}},"4":{"start":{"line":14,"column":20},"end":{"line":14,"column":33}},"5":{"start":{"line":16,"column":16},"end":{"line":16,"column":37}},"6":{"start":{"line":19,"column":12},"end":{"line":19,"column":37}},"7":{"start":{"line":20,"column":12},"end":{"line":25,"column":15}},"8":{"start":{"line":21,"column":16},"end":{"line":22,"column":33}},"9":{"start":{"line":22,"column":20},"end":{"line":22,"column":33}},"10":{"start":{"line":23,"column":16},"end":{"line":23,"column":35}},"11":{"start":{"line":32,"column":29},"end":{"line":32,"column":37}},"12":{"start":{"line":34,"column":16},"end":{"line":38,"column":17}},"13":{"start":{"line":35,"column":34},"end":{"line":35,"column":67}},"14":{"start":{"line":36,"column":20},"end":{"line":36,"column":46}},"15":{"start":{"line":37,"column":20},"end":{"line":37,"column":38}},"16":{"start":{"line":40,"column":16},"end":{"line":40,"column":43}},"17":{"start":{"line":41,"column":16},"end":{"line":41,"column":49}},"18":{"start":{"line":42,"column":16},"end":{"line":59,"column":18}},"19":{"start":{"line":43,"column":19},"end":{"line":59,"column":16}},"20":{"start":{"line":43,"column":29},"end":{"line":43,"column":48}},"21":{"start":{"line":43,"column":49},"end":{"line":43,"column":138}},"22":{"start":{"line":45,"column":19},"end":{"line":59,"column":15}},"23":{"start":{"line":52,"column":20},"end":{"line":57,"column":25}},"24":{"start":{"line":53,"column":24},"end":{"line":53,"column":51}},"25":{"start":{"line":55,"column":24},"end":{"line":55,"column":41}},"26":{"start":{"line":67,"column":29},"end":{"line":67,"column":37}},"27":{"start":{"line":69,"column":25},"end":{"line":69,"column":36}},"28":{"start":{"line":70,"column":16},"end":{"line":107,"column":17}},"29":{"start":{"line":72,"column":30},"end":{"line":77,"column":21}},"30":{"start":{"line":78,"column":20},"end":{"line":78,"column":69}},"31":{"start":{"line":79,"column":20},"end":{"line":88,"column":22}},"32":{"start":{"line":81,"column":28},"end":{"line":86,"column":29}},"33":{"start":{"line":82,"column":32},"end":{"line":82,"column":46}},"34":{"start":{"line":84,"column":32},"end":{"line":84,"column":49}},"35":{"start":{"line":90,"column":30},"end":{"line":95,"column":21}},"36":{"start":{"line":97,"column":20},"end":{"line":97,"column":69}},"37":{"start":{"line":98,"column":20},"end":{"line":106,"column":23}},"38":{"start":{"line":100,"column":24},"end":{"line":105,"column":25}},"39":{"start":{"line":101,"column":28},"end":{"line":101,"column":42}},"40":{"start":{"line":103,"column":28},"end":{"line":103,"column":45}},"41":{"start":{"line":115,"column":25},"end":{"line":115,"column":36}},"42":{"start":{"line":117,"column":16},"end":{"line":126,"column":17}},"43":{"start":{"line":118,"column":20},"end":{"line":123,"column":22}},"44":{"start":{"line":119,"column":24},"end":{"line":121,"column":25}},"45":{"start":{"line":120,"column":28},"end":{"line":120,"column":41}},"46":{"start":{"line":122,"column":24},"end":{"line":122,"column":45}},"47":{"start":{"line":125,"column":20},"end":{"line":125,"column":53}}},"fnMap":{"0":{"name":"(anonymous_0)","decl":{"start":{"line":8,"column":4},"end":{"line":8,"column":5}},"loc":{"start":{"line":8,"column":33},"end":{"line":27,"column":5}},"line":8},"1":{"name":"(anonymous_1)","decl":{"start":{"line":12,"column":39},"end":{"line":12,"column":40}},"loc":{"start":{"line":12,"column":60},"end":{"line":17,"column":13}},"line":12},"2":{"name":"(anonymous_2)","decl":{"start":{"line":20,"column":31},"end":{"line":20,"column":32}},"loc":{"start":{"line":20,"column":55},"end":{"line":25,"column":13}},"line":20},"3":{"name":"(anonymous_3)","decl":{"start":{"line":30,"column":4},"end":{"line":30,"column":5}},"loc":{"start":{"line":30,"column":41},"end":{"line":63,"column":5}},"line":30},"4":{"name":"(anonymous_4)","decl":{"start":{"line":42,"column":64},"end":{"line":42,"column":65}},"loc":{"start":{"line":42,"column":78},"end":{"line":59,"column":17}},"line":42},"5":{"name":"(anonymous_5)","decl":{"start":{"line":51,"column":19},"end":{"line":51,"column":20}},"loc":{"start":{"line":51,"column":42},"end":{"line":58,"column":22}},"line":51},"6":{"name":"(anonymous_6)","decl":{"start":{"line":65,"column":4},"end":{"line":65,"column":5}},"loc":{"start":{"line":65,"column":35},"end":{"line":110,"column":13}},"line":65},"7":{"name":"(anonymous_7)","decl":{"start":{"line":80,"column":24},"end":{"line":80,"column":25}},"loc":{"start":{"line":80,"column":47},"end":{"line":87,"column":25}},"line":80},"8":{"name":"(anonymous_8)","decl":{"start":{"line":99,"column":20},"end":{"line":99,"column":21}},"loc":{"start":{"line":99,"column":43},"end":{"line":106,"column":21}},"line":99},"9":{"name":"(anonymous_9)","decl":{"start":{"line":113,"column":4},"end":{"line":113,"column":5}},"loc":{"start":{"line":113,"column":35},"end":{"line":127,"column":13}},"line":113},"10":{"name":"(anonymous_10)","decl":{"start":{"line":118,"column":57},"end":{"line":118,"column":58}},"loc":{"start":{"line":118,"column":78},"end":{"line":123,"column":21}},"line":118}},"branchMap":{"0":{"loc":{"start":{"line":11,"column":8},"end":{"line":26,"column":9}},"type":"if","locations":[{"start":{"line":11,"column":8},"end":{"line":26,"column":9}},{"start":{"line":18,"column":13},"end":{"line":26,"column":9}}],"line":11},"1":{"loc":{"start":{"line":13,"column":16},"end":{"line":15,"column":17}},"type":"if","locations":[{"start":{"line":13,"column":16},"end":{"line":15,"column":17}},{"start":{},"end":{}}],"line":13},"2":{"loc":{"start":{"line":21,"column":16},"end":{"line":22,"column":33}},"type":"if","locations":[{"start":{"line":21,"column":16},"end":{"line":22,"column":33}},{"start":{},"end":{}}],"line":21},"3":{"loc":{"start":{"line":34,"column":16},"end":{"line":38,"column":17}},"type":"if","locations":[{"start":{"line":34,"column":16},"end":{"line":38,"column":17}},{"start":{},"end":{}}],"line":34},"4":{"loc":{"start":{"line":43,"column":19},"end":{"line":59,"column":16}},"type":"if","locations":[{"start":{"line":43,"column":19},"end":{"line":59,"column":16}},{"start":{"line":44,"column":23},"end":{"line":59,"column":16}}],"line":43},"5":{"loc":{"start":{"line":52,"column":20},"end":{"line":57,"column":25}},"type":"if","locations":[{"start":{"line":52,"column":20},"end":{"line":57,"column":25}},{"start":{"line":54,"column":25},"end":{"line":57,"column":25}}],"line":52},"6":{"loc":{"start":{"line":70,"column":16},"end":{"line":107,"column":17}},"type":"if","locations":[{"start":{"line":70,"column":16},"end":{"line":107,"column":17}},{"start":{"line":89,"column":21},"end":{"line":107,"column":17}}],"line":70},"7":{"loc":{"start":{"line":81,"column":28},"end":{"line":86,"column":29}},"type":"if","locations":[{"start":{"line":81,"column":28},"end":{"line":86,"column":29}},{"start":{"line":83,"column":33},"end":{"line":86,"column":29}}],"line":81},"8":{"loc":{"start":{"line":100,"column":24},"end":{"line":105,"column":25}},"type":"if","locations":[{"start":{"line":100,"column":24},"end":{"line":105,"column":25}},{"start":{"line":102,"column":29},"end":{"line":105,"column":25}}],"line":100},"9":{"loc":{"start":{"line":117,"column":16},"end":{"line":126,"column":17}},"type":"if","locations":[{"start":{"line":117,"column":16},"end":{"line":126,"column":17}},{"start":{"line":124,"column":21},"end":{"line":126,"column":17}}],"line":117},"10":{"loc":{"start":{"line":119,"column":24},"end":{"line":121,"column":25}},"type":"if","locations":[{"start":{"line":119,"column":24},"end":{"line":121,"column":25}},{"start":{},"end":{}}],"line":119}},"s":{"0":0,"1":0,"2":0,"3":0,"4":0,"5":0,"6":0,"7":0,"8":0,"9":0,"10":0,"11":1,"12":1,"13":0,"14":0,"15":0,"16":1,"17":1,"18":1,"19":1,"20":0,"21":0,"22":1,"23":0,"24":0,"25":0,"26":0,"27":0,"28":0,"29":0,"30":0,"31":0,"32":0,"33":0,"34":0,"35":0,"36":0,"37":0,"38":0,"39":0,"40":0,"41":0,"42":0,"43":0,"44":0,"45":0,"46":0,"47":0},"f":{"0":0,"1":0,"2":0,"3":1,"4":1,"5":0,"6":0,"7":0,"8":0,"9":0,"10":0},"b":{"0":[0,0],"1":[0,0],"2":[0,0],"3":[0,1],"4":[0,1],"5":[0,0],"6":[0,0],"7":[0,0],"8":[0,0],"9":[0,0],"10":[0,0]},"_coverageSchema":"1a1c01bbd47fc00a2c39e90264f33305004495a9","hash":"36661851884288cb2e780663959f84ce72811fd1"}
,"C:\\Users\\ARMSTRONG\\Desktop\\node test\\src\\routes\\auth.route.js": {"path":"C:\\Users\\ARMSTRONG\\Desktop\\node test\\src\\routes\\auth.route.js","statementMap":{"0":{"start":{"line":7,"column":13},"end":{"line":7,"column":29}},"1":{"start":{"line":11,"column":17},"end":{"line":11,"column":40}},"2":{"start":{"line":12,"column":4},"end":{"line":12,"column":22}},"3":{"start":{"line":14,"column":4},"end":{"line":32,"column":7}},"4":{"start":{"line":15,"column":6},"end":{"line":15,"column":93}},"5":{"start":{"line":15,"column":15},"end":{"line":15,"column":33}},"6":{"start":{"line":15,"column":34},"end":{"line":15,"column":92}},"7":{"start":{"line":16,"column":6},"end":{"line":16,"column":63}},"8":{"start":{"line":16,"column":17},"end":{"line":16,"column":63}},"9":{"start":{"line":17,"column":6},"end":{"line":17,"column":22}},"10":{"start":{"line":18,"column":6},"end":{"line":18,"column":36}},"11":{"start":{"line":19,"column":6},"end":{"line":19,"column":32}},"12":{"start":{"line":20,"column":6},"end":{"line":20,"column":23}},"13":{"start":{"line":22,"column":28},"end":{"line":22,"column":80}},"14":{"start":{"line":23,"column":6},"end":{"line":23,"column":86}},"15":{"start":{"line":23,"column":28},"end":{"line":23,"column":86}},"16":{"start":{"line":26,"column":18},"end":{"line":28,"column":8}},"17":{"start":{"line":31,"column":6},"end":{"line":31,"column":57}},"18":{"start":{"line":41,"column":6},"end":{"line":41,"column":28}},"19":{"start":{"line":42,"column":6},"end":{"line":73,"column":4}},"20":{"start":{"line":43,"column":8},"end":{"line":43,"column":94}},"21":{"start":{"line":43,"column":18},"end":{"line":43,"column":94}},"22":{"start":{"line":44,"column":8},"end":{"line":44,"column":72}},"23":{"start":{"line":44,"column":17},"end":{"line":44,"column":72}},"24":{"start":{"line":46,"column":27},"end":{"line":46,"column":64}},"25":{"start":{"line":47,"column":6},"end":{"line":47,"column":33}},"26":{"start":{"line":48,"column":17},"end":{"line":52,"column":7}},"27":{"start":{"line":56,"column":4},"end":{"line":72,"column":7}},"28":{"start":{"line":58,"column":7},"end":{"line":58,"column":62}},"29":{"start":{"line":58,"column":16},"end":{"line":58,"column":62}},"30":{"start":{"line":63,"column":18},"end":{"line":65,"column":8}},"31":{"start":{"line":67,"column":6},"end":{"line":67,"column":57}},"32":{"start":{"line":78,"column":21},"end":{"line":88,"column":3}},"33":{"start":{"line":79,"column":14},"end":{"line":79,"column":27}},"34":{"start":{"line":81,"column":4},"end":{"line":86,"column":7}},"35":{"start":{"line":82,"column":6},"end":{"line":82,"column":91}},"36":{"start":{"line":82,"column":15},"end":{"line":82,"column":91}},"37":{"start":{"line":83,"column":6},"end":{"line":83,"column":63}},"38":{"start":{"line":83,"column":17},"end":{"line":83,"column":63}},"39":{"start":{"line":84,"column":6},"end":{"line":84,"column":33}},"40":{"start":{"line":90,"column":18},"end":{"line":103,"column":3}},"41":{"start":{"line":91,"column":17},"end":{"line":91,"column":30}},"42":{"start":{"line":92,"column":6},"end":{"line":102,"column":7}},"43":{"start":{"line":93,"column":22},"end":{"line":95,"column":12}},"44":{"start":{"line":96,"column":10},"end":{"line":99,"column":12}},"45":{"start":{"line":101,"column":10},"end":{"line":101,"column":28}}},"fnMap":{"0":{"name":"(anonymous_0)","decl":{"start":{"line":10,"column":2},"end":{"line":10,"column":3}},"loc":{"start":{"line":10,"column":25},"end":{"line":34,"column":3}},"line":10},"1":{"name":"(anonymous_1)","decl":{"start":{"line":14,"column":44},"end":{"line":14,"column":45}},"loc":{"start":{"line":14,"column":58},"end":{"line":32,"column":5}},"line":14},"2":{"name":"(anonymous_2)","decl":{"start":{"line":40,"column":2},"end":{"line":40,"column":3}},"loc":{"start":{"line":40,"column":28},"end":{"line":75,"column":3}},"line":40},"3":{"name":"(anonymous_3)","decl":{"start":{"line":42,"column":42},"end":{"line":42,"column":43}},"loc":{"start":{"line":42,"column":54},"end":{"line":73,"column":3}},"line":42},"4":{"name":"(anonymous_4)","decl":{"start":{"line":56,"column":22},"end":{"line":56,"column":23}},"loc":{"start":{"line":56,"column":36},"end":{"line":72,"column":5}},"line":56},"5":{"name":"(anonymous_5)","decl":{"start":{"line":78,"column":21},"end":{"line":78,"column":22}},"loc":{"start":{"line":78,"column":46},"end":{"line":88,"column":3}},"line":78},"6":{"name":"(anonymous_6)","decl":{"start":{"line":81,"column":39},"end":{"line":81,"column":40}},"loc":{"start":{"line":81,"column":60},"end":{"line":86,"column":5}},"line":81},"7":{"name":"(anonymous_7)","decl":{"start":{"line":90,"column":18},"end":{"line":90,"column":19}},"loc":{"start":{"line":90,"column":40},"end":{"line":103,"column":3}},"line":90}},"branchMap":{"0":{"loc":{"start":{"line":15,"column":6},"end":{"line":15,"column":93}},"type":"if","locations":[{"start":{"line":15,"column":6},"end":{"line":15,"column":93}},{"start":{},"end":{}}],"line":15},"1":{"loc":{"start":{"line":16,"column":6},"end":{"line":16,"column":63}},"type":"if","locations":[{"start":{"line":16,"column":6},"end":{"line":16,"column":63}},{"start":{},"end":{}}],"line":16},"2":{"loc":{"start":{"line":23,"column":6},"end":{"line":23,"column":86}},"type":"if","locations":[{"start":{"line":23,"column":6},"end":{"line":23,"column":86}},{"start":{},"end":{}}],"line":23},"3":{"loc":{"start":{"line":43,"column":8},"end":{"line":43,"column":94}},"type":"if","locations":[{"start":{"line":43,"column":8},"end":{"line":43,"column":94}},{"start":{},"end":{}}],"line":43},"4":{"loc":{"start":{"line":44,"column":8},"end":{"line":44,"column":72}},"type":"if","locations":[{"start":{"line":44,"column":8},"end":{"line":44,"column":72}},{"start":{},"end":{}}],"line":44},"5":{"loc":{"start":{"line":58,"column":7},"end":{"line":58,"column":62}},"type":"if","locations":[{"start":{"line":58,"column":7},"end":{"line":58,"column":62}},{"start":{},"end":{}}],"line":58},"6":{"loc":{"start":{"line":82,"column":6},"end":{"line":82,"column":91}},"type":"if","locations":[{"start":{"line":82,"column":6},"end":{"line":82,"column":91}},{"start":{},"end":{}}],"line":82},"7":{"loc":{"start":{"line":83,"column":6},"end":{"line":83,"column":63}},"type":"if","locations":[{"start":{"line":83,"column":6},"end":{"line":83,"column":63}},{"start":{},"end":{}}],"line":83}},"s":{"0":2,"1":0,"2":0,"3":0,"4":0,"5":0,"6":0,"7":0,"8":0,"9":0,"10":0,"11":0,"12":0,"13":0,"14":0,"15":0,"16":0,"17":0,"18":0,"19":0,"20":0,"21":0,"22":0,"23":0,"24":0,"25":0,"26":0,"27":0,"28":0,"29":0,"30":0,"31":0,"32":2,"33":0,"34":0,"35":0,"36":0,"37":0,"38":0,"39":0,"40":2,"41":0,"42":0,"43":0,"44":0,"45":0},"f":{"0":0,"1":0,"2":0,"3":0,"4":0,"5":0,"6":0,"7":0},"b":{"0":[0,0],"1":[0,0],"2":[0,0],"3":[0,0],"4":[0,0],"5":[0,0],"6":[0,0],"7":[0,0]},"_coverageSchema":"1a1c01bbd47fc00a2c39e90264f33305004495a9","hash":"bfe78548b75e27dbafa3d79e71e68c9042744512"}
,"C:\\Users\\ARMSTRONG\\Desktop\\node test\\src\\routes\\comments.js": {"path":"C:\\Users\\ARMSTRONG\\Desktop\\node test\\src\\routes\\comments.js","statementMap":{"0":{"start":{"line":6,"column":34},"end":{"line":6,"column":36}},"1":{"start":{"line":7,"column":22},"end":{"line":7,"column":23}},"2":{"start":{"line":8,"column":33},"end":{"line":11,"column":9}},"3":{"start":{"line":12,"column":8},"end":{"line":33,"column":11}},"4":{"start":{"line":13,"column":12},"end":{"line":14,"column":29}},"5":{"start":{"line":14,"column":16},"end":{"line":14,"column":29}},"6":{"start":{"line":15,"column":16},"end":{"line":15,"column":37}},"7":{"start":{"line":18,"column":12},"end":{"line":28,"column":14}},"8":{"start":{"line":20,"column":16},"end":{"line":20,"column":39}},"9":{"start":{"line":21,"column":16},"end":{"line":26,"column":18}},"10":{"start":{"line":22,"column":20},"end":{"line":25,"column":21}},"11":{"start":{"line":23,"column":24},"end":{"line":23,"column":52}},"12":{"start":{"line":24,"column":24},"end":{"line":24,"column":35}},"13":{"start":{"line":29,"column":12},"end":{"line":29,"column":32}},"14":{"start":{"line":31,"column":12},"end":{"line":31,"column":52}},"15":{"start":{"line":32,"column":12},"end":{"line":32,"column":40}},"16":{"start":{"line":37,"column":19},"end":{"line":37,"column":31}},"17":{"start":{"line":38,"column":8},"end":{"line":38,"column":23}},"18":{"start":{"line":39,"column":8},"end":{"line":62,"column":9}},"19":{"start":{"line":40,"column":12},"end":{"line":40,"column":47}},"20":{"start":{"line":41,"column":14},"end":{"line":62,"column":9}},"21":{"start":{"line":42,"column":12},"end":{"line":42,"column":45}},"22":{"start":{"line":44,"column":32},"end":{"line":49,"column":22}},"23":{"start":{"line":50,"column":12},"end":{"line":61,"column":14}},"24":{"start":{"line":55,"column":20},"end":{"line":59,"column":21}},"25":{"start":{"line":56,"column":24},"end":{"line":56,"column":38}},"26":{"start":{"line":58,"column":24},"end":{"line":58,"column":41}},"27":{"start":{"line":65,"column":8},"end":{"line":84,"column":10}},"28":{"start":{"line":66,"column":24},"end":{"line":66,"column":36}},"29":{"start":{"line":67,"column":28},"end":{"line":67,"column":42}},"30":{"start":{"line":68,"column":24},"end":{"line":68,"column":44}},"31":{"start":{"line":69,"column":12},"end":{"line":69,"column":35}},"32":{"start":{"line":70,"column":12},"end":{"line":70,"column":33}},"33":{"start":{"line":71,"column":12},"end":{"line":71,"column":31}},"34":{"start":{"line":73,"column":12},"end":{"line":83,"column":13}},"35":{"start":{"line":74,"column":16},"end":{"line":74,"column":34}},"36":{"start":{"line":76,"column":16},"end":{"line":82,"column":17}},"37":{"start":{"line":79,"column":24},"end":{"line":79,"column":72}},"38":{"start":{"line":79,"column":32},"end":{"line":79,"column":72}},"39":{"start":{"line":80,"column":24},"end":{"line":80,"column":40}}},"fnMap":{"0":{"name":"(anonymous_0)","decl":{"start":{"line":5,"column":4},"end":{"line":5,"column":5}},"loc":{"start":{"line":5,"column":33},"end":{"line":34,"column":5}},"line":5},"1":{"name":"(anonymous_1)","decl":{"start":{"line":12,"column":51},"end":{"line":12,"column":52}},"loc":{"start":{"line":12,"column":75},"end":{"line":33,"column":9}},"line":12},"2":{"name":"(anonymous_2)","decl":{"start":{"line":18,"column":29},"end":{"line":18,"column":30}},"loc":{"start":{"line":18,"column":37},"end":{"line":28,"column":13}},"line":18},"3":{"name":"(anonymous_3)","decl":{"start":{"line":21,"column":37},"end":{"line":21,"column":38}},"loc":{"start":{"line":21,"column":45},"end":{"line":26,"column":17}},"line":21},"4":{"name":"(anonymous_4)","decl":{"start":{"line":36,"column":4},"end":{"line":36,"column":5}},"loc":{"start":{"line":36,"column":35},"end":{"line":63,"column":5}},"line":36},"5":{"name":"(anonymous_5)","decl":{"start":{"line":54,"column":16},"end":{"line":54,"column":17}},"loc":{"start":{"line":54,"column":39},"end":{"line":60,"column":17}},"line":54},"6":{"name":"(anonymous_6)","decl":{"start":{"line":64,"column":4},"end":{"line":64,"column":5}},"loc":{"start":{"line":64,"column":30},"end":{"line":85,"column":5}},"line":64},"7":{"name":"(anonymous_7)","decl":{"start":{"line":65,"column":41},"end":{"line":65,"column":42}},"loc":{"start":{"line":65,"column":54},"end":{"line":84,"column":9}},"line":65},"8":{"name":"(anonymous_8)","decl":{"start":{"line":78,"column":20},"end":{"line":78,"column":21}},"loc":{"start":{"line":78,"column":36},"end":{"line":81,"column":21}},"line":78}},"branchMap":{"0":{"loc":{"start":{"line":13,"column":12},"end":{"line":14,"column":29}},"type":"if","locations":[{"start":{"line":13,"column":12},"end":{"line":14,"column":29}},{"start":{},"end":{}}],"line":13},"1":{"loc":{"start":{"line":22,"column":20},"end":{"line":25,"column":21}},"type":"if","locations":[{"start":{"line":22,"column":20},"end":{"line":25,"column":21}},{"start":{},"end":{}}],"line":22},"2":{"loc":{"start":{"line":39,"column":8},"end":{"line":62,"column":9}},"type":"if","locations":[{"start":{"line":39,"column":8},"end":{"line":62,"column":9}},{"start":{"line":41,"column":14},"end":{"line":62,"column":9}}],"line":39},"3":{"loc":{"start":{"line":41,"column":14},"end":{"line":62,"column":9}},"type":"if","locations":[{"start":{"line":41,"column":14},"end":{"line":62,"column":9}},{"start":{"line":43,"column":13},"end":{"line":62,"column":9}}],"line":41},"4":{"loc":{"start":{"line":55,"column":20},"end":{"line":59,"column":21}},"type":"if","locations":[{"start":{"line":55,"column":20},"end":{"line":59,"column":21}},{"start":{"line":57,"column":25},"end":{"line":59,"column":21}}],"line":55},"5":{"loc":{"start":{"line":73,"column":12},"end":{"line":83,"column":13}},"type":"if","locations":[{"start":{"line":73,"column":12},"end":{"line":83,"column":13}},{"start":{"line":75,"column":17},"end":{"line":83,"column":13}}],"line":73},"6":{"loc":{"start":{"line":79,"column":24},"end":{"line":79,"column":72}},"type":"if","locations":[{"start":{"line":79,"column":24},"end":{"line":79,"column":72}},{"start":{},"end":{}}],"line":79}},"s":{"0":0,"1":0,"2":0,"3":0,"4":0,"5":0,"6":0,"7":0,"8":0,"9":0,"10":0,"11":0,"12":0,"13":0,"14":0,"15":0,"16":0,"17":0,"18":0,"19":0,"20":0,"21":0,"22":0,"23":0,"24":0,"25":0,"26":0,"27":0,"28":0,"29":0,"30":0,"31":0,"32":0,"33":0,"34":0,"35":0,"36":0,"37":0,"38":0,"39":0},"f":{"0":0,"1":0,"2":0,"3":0,"4":0,"5":0,"6":0,"7":0,"8":0},"b":{"0":[0,0],"1":[0,0],"2":[0,0],"3":[0,0],"4":[0,0],"5":[0,0],"6":[0,0]},"_coverageSchema":"1a1c01bbd47fc00a2c39e90264f33305004495a9","hash":"b22a0c7acf2fabc28d1945ac4c583eed3d089bdb"}
,"C:\\Users\\ARMSTRONG\\Desktop\\node test\\src\\routes\\config.js": {"path":"C:\\Users\\ARMSTRONG\\Desktop\\node test\\src\\routes\\config.js","statementMap":{"0":{"start":{"line":1,"column":12},"end":{"line":3,"column":3}}},"fnMap":{},"branchMap":{},"s":{"0":2},"f":{},"b":{},"_coverageSchema":"1a1c01bbd47fc00a2c39e90264f33305004495a9","hash":"22d0265718762d0e95c2fceff835ecfabe67698f"}
,"C:\\Users\\ARMSTRONG\\Desktop\\node test\\src\\routes\\contacts.js": {"path":"C:\\Users\\ARMSTRONG\\Desktop\\node test\\src\\routes\\contacts.js","statementMap":{"0":{"start":{"line":7,"column":8},"end":{"line":12,"column":11}},"1":{"start":{"line":8,"column":12},"end":{"line":9,"column":29}},"2":{"start":{"line":9,"column":16},"end":{"line":9,"column":29}},"3":{"start":{"line":10,"column":12},"end":{"line":10,"column":31}},"4":{"start":{"line":17,"column":16},"end":{"line":31,"column":18}},"5":{"start":{"line":24,"column":24},"end":{"line":29,"column":25}},"6":{"start":{"line":25,"column":28},"end":{"line":25,"column":55}},"7":{"start":{"line":27,"column":28},"end":{"line":27,"column":45}},"8":{"start":{"line":36,"column":25},"end":{"line":36,"column":36}},"9":{"start":{"line":37,"column":16},"end":{"line":46,"column":18}},"10":{"start":{"line":39,"column":24},"end":{"line":44,"column":25}},"11":{"start":{"line":40,"column":28},"end":{"line":40,"column":42}},"12":{"start":{"line":42,"column":28},"end":{"line":42,"column":47}}},"fnMap":{"0":{"name":"(anonymous_0)","decl":{"start":{"line":6,"column":4},"end":{"line":6,"column":5}},"loc":{"start":{"line":6,"column":33},"end":{"line":13,"column":5}},"line":6},"1":{"name":"(anonymous_1)","decl":{"start":{"line":7,"column":27},"end":{"line":7,"column":28}},"loc":{"start":{"line":7,"column":51},"end":{"line":12,"column":9}},"line":7},"2":{"name":"(anonymous_2)","decl":{"start":{"line":15,"column":4},"end":{"line":15,"column":5}},"loc":{"start":{"line":15,"column":35},"end":{"line":32,"column":13}},"line":15},"3":{"name":"(anonymous_3)","decl":{"start":{"line":23,"column":20},"end":{"line":23,"column":21}},"loc":{"start":{"line":23,"column":43},"end":{"line":30,"column":21}},"line":23},"4":{"name":"(anonymous_4)","decl":{"start":{"line":34,"column":4},"end":{"line":34,"column":5}},"loc":{"start":{"line":34,"column":35},"end":{"line":47,"column":13}},"line":34},"5":{"name":"(anonymous_5)","decl":{"start":{"line":38,"column":20},"end":{"line":38,"column":21}},"loc":{"start":{"line":38,"column":45},"end":{"line":45,"column":21}},"line":38}},"branchMap":{"0":{"loc":{"start":{"line":8,"column":12},"end":{"line":9,"column":29}},"type":"if","locations":[{"start":{"line":8,"column":12},"end":{"line":9,"column":29}},{"start":{},"end":{}}],"line":8},"1":{"loc":{"start":{"line":24,"column":24},"end":{"line":29,"column":25}},"type":"if","locations":[{"start":{"line":24,"column":24},"end":{"line":29,"column":25}},{"start":{"line":26,"column":29},"end":{"line":29,"column":25}}],"line":24},"2":{"loc":{"start":{"line":39,"column":24},"end":{"line":44,"column":25}},"type":"if","locations":[{"start":{"line":39,"column":24},"end":{"line":44,"column":25}},{"start":{"line":41,"column":29},"end":{"line":44,"column":25}}],"line":39}},"s":{"0":1,"1":1,"2":0,"3":1,"4":2,"5":2,"6":0,"7":2,"8":2,"9":2,"10":2,"11":0,"12":2},"f":{"0":1,"1":1,"2":2,"3":2,"4":2,"5":2},"b":{"0":[0,1],"1":[0,2],"2":[0,2]},"_coverageSchema":"1a1c01bbd47fc00a2c39e90264f33305004495a9","hash":"b165015daa31b46c3e8cb9eb9af93fecb9d50427"}
,"C:\\Users\\ARMSTRONG\\Desktop\\node test\\src\\routes\\newsletter.js": {"path":"C:\\Users\\ARMSTRONG\\Desktop\\node test\\src\\routes\\newsletter.js","statementMap":{"0":{"start":{"line":9,"column":21},"end":{"line":9,"column":32}},"1":{"start":{"line":12,"column":12},"end":{"line":24,"column":13}},"2":{"start":{"line":15,"column":20},"end":{"line":22,"column":22}},"3":{"start":{"line":16,"column":24},"end":{"line":17,"column":73}},"4":{"start":{"line":17,"column":28},"end":{"line":17,"column":73}},"5":{"start":{"line":18,"column":28},"end":{"line":18,"column":44}},"6":{"start":{"line":19,"column":24},"end":{"line":19,"column":46}},"7":{"start":{"line":26,"column":16},"end":{"line":31,"column":19}},"8":{"start":{"line":27,"column":20},"end":{"line":28,"column":44}},"9":{"start":{"line":28,"column":24},"end":{"line":28,"column":44}},"10":{"start":{"line":29,"column":20},"end":{"line":29,"column":47}},"11":{"start":{"line":46,"column":16},"end":{"line":65,"column":17}},"12":{"start":{"line":47,"column":20},"end":{"line":62,"column":22}},"13":{"start":{"line":54,"column":28},"end":{"line":60,"column":29}},"14":{"start":{"line":55,"column":32},"end":{"line":55,"column":66}},"15":{"start":{"line":57,"column":32},"end":{"line":57,"column":58}},"16":{"start":{"line":64,"column":20},"end":{"line":64,"column":29}},"17":{"start":{"line":71,"column":25},"end":{"line":71,"column":36}},"18":{"start":{"line":72,"column":16},"end":{"line":85,"column":17}},"19":{"start":{"line":73,"column":20},"end":{"line":82,"column":22}},"20":{"start":{"line":75,"column":28},"end":{"line":80,"column":29}},"21":{"start":{"line":76,"column":32},"end":{"line":76,"column":66}},"22":{"start":{"line":78,"column":31},"end":{"line":78,"column":57}},"23":{"start":{"line":84,"column":20},"end":{"line":84,"column":29}}},"fnMap":{"0":{"name":"(anonymous_0)","decl":{"start":{"line":7,"column":4},"end":{"line":7,"column":5}},"loc":{"start":{"line":7,"column":29},"end":{"line":37,"column":9}},"line":7},"1":{"name":"(anonymous_1)","decl":{"start":{"line":15,"column":57},"end":{"line":15,"column":58}},"loc":{"start":{"line":15,"column":71},"end":{"line":22,"column":21}},"line":15},"2":{"name":"(anonymous_2)","decl":{"start":{"line":26,"column":37},"end":{"line":26,"column":38}},"loc":{"start":{"line":26,"column":62},"end":{"line":31,"column":17}},"line":26},"3":{"name":"(anonymous_3)","decl":{"start":{"line":43,"column":4},"end":{"line":43,"column":5}},"loc":{"start":{"line":43,"column":38},"end":{"line":67,"column":13}},"line":43},"4":{"name":"(anonymous_4)","decl":{"start":{"line":53,"column":24},"end":{"line":53,"column":25}},"loc":{"start":{"line":53,"column":49},"end":{"line":61,"column":25}},"line":53},"5":{"name":"(anonymous_5)","decl":{"start":{"line":69,"column":4},"end":{"line":69,"column":5}},"loc":{"start":{"line":69,"column":38},"end":{"line":87,"column":13}},"line":69},"6":{"name":"(anonymous_6)","decl":{"start":{"line":74,"column":24},"end":{"line":74,"column":25}},"loc":{"start":{"line":74,"column":49},"end":{"line":81,"column":25}},"line":74}},"branchMap":{"0":{"loc":{"start":{"line":12,"column":12},"end":{"line":24,"column":13}},"type":"if","locations":[{"start":{"line":12,"column":12},"end":{"line":24,"column":13}},{"start":{},"end":{}}],"line":12},"1":{"loc":{"start":{"line":16,"column":24},"end":{"line":17,"column":73}},"type":"if","locations":[{"start":{"line":16,"column":24},"end":{"line":17,"column":73}},{"start":{},"end":{}}],"line":16},"2":{"loc":{"start":{"line":27,"column":20},"end":{"line":28,"column":44}},"type":"if","locations":[{"start":{"line":27,"column":20},"end":{"line":28,"column":44}},{"start":{},"end":{}}],"line":27},"3":{"loc":{"start":{"line":54,"column":28},"end":{"line":60,"column":29}},"type":"if","locations":[{"start":{"line":54,"column":28},"end":{"line":60,"column":29}},{"start":{"line":56,"column":33},"end":{"line":60,"column":29}}],"line":54},"4":{"loc":{"start":{"line":75,"column":28},"end":{"line":80,"column":29}},"type":"if","locations":[{"start":{"line":75,"column":28},"end":{"line":80,"column":29}},{"start":{"line":77,"column":33},"end":{"line":80,"column":29}}],"line":75}},"s":{"0":0,"1":0,"2":0,"3":0,"4":0,"5":0,"6":0,"7":0,"8":0,"9":0,"10":0,"11":0,"12":0,"13":0,"14":0,"15":0,"16":0,"17":0,"18":0,"19":0,"20":0,"21":0,"22":0,"23":0},"f":{"0":0,"1":0,"2":0,"3":0,"4":0,"5":0,"6":0},"b":{"0":[0,0],"1":[0,0],"2":[0,0],"3":[0,0],"4":[0,0]},"_coverageSchema":"1a1c01bbd47fc00a2c39e90264f33305004495a9","hash":"51b2d7d5f27034e6ef1df23fb365f0c41a962d26"}
,"C:\\Users\\ARMSTRONG\\Desktop\\node test\\src\\routes\\projects.js": {"path":"C:\\Users\\ARMSTRONG\\Desktop\\node test\\src\\routes\\projects.js","statementMap":{"0":{"start":{"line":9,"column":29},"end":{"line":9,"column":37}},"1":{"start":{"line":11,"column":16},"end":{"line":15,"column":17}},"2":{"start":{"line":12,"column":34},"end":{"line":12,"column":67}},"3":{"start":{"line":13,"column":20},"end":{"line":13,"column":46}},"4":{"start":{"line":14,"column":20},"end":{"line":14,"column":38}},"5":{"start":{"line":16,"column":16},"end":{"line":16,"column":65}},"6":{"start":{"line":17,"column":16},"end":{"line":31,"column":14}},"7":{"start":{"line":24,"column":20},"end":{"line":29,"column":21}},"8":{"start":{"line":25,"column":24},"end":{"line":25,"column":51}},"9":{"start":{"line":27,"column":24},"end":{"line":27,"column":41}},"10":{"start":{"line":36,"column":17},"end":{"line":36,"column":29}},"11":{"start":{"line":38,"column":8},"end":{"line":52,"column":9}},"12":{"start":{"line":39,"column":12},"end":{"line":44,"column":14}},"13":{"start":{"line":40,"column":16},"end":{"line":42,"column":17}},"14":{"start":{"line":41,"column":20},"end":{"line":41,"column":33}},"15":{"start":{"line":43,"column":16},"end":{"line":43,"column":37}},"16":{"start":{"line":46,"column":12},"end":{"line":51,"column":15}},"17":{"start":{"line":47,"column":16},"end":{"line":48,"column":33}},"18":{"start":{"line":48,"column":20},"end":{"line":48,"column":33}},"19":{"start":{"line":49,"column":16},"end":{"line":49,"column":35}}},"fnMap":{"0":{"name":"(anonymous_0)","decl":{"start":{"line":7,"column":4},"end":{"line":7,"column":5}},"loc":{"start":{"line":7,"column":35},"end":{"line":32,"column":13}},"line":7},"1":{"name":"(anonymous_1)","decl":{"start":{"line":23,"column":16},"end":{"line":23,"column":17}},"loc":{"start":{"line":23,"column":39},"end":{"line":30,"column":17}},"line":23},"2":{"name":"(anonymous_2)","decl":{"start":{"line":35,"column":4},"end":{"line":35,"column":5}},"loc":{"start":{"line":35,"column":32},"end":{"line":55,"column":5}},"line":35},"3":{"name":"(anonymous_3)","decl":{"start":{"line":39,"column":39},"end":{"line":39,"column":40}},"loc":{"start":{"line":39,"column":60},"end":{"line":44,"column":13}},"line":39},"4":{"name":"(anonymous_4)","decl":{"start":{"line":46,"column":31},"end":{"line":46,"column":32}},"loc":{"start":{"line":46,"column":55},"end":{"line":51,"column":13}},"line":46}},"branchMap":{"0":{"loc":{"start":{"line":11,"column":16},"end":{"line":15,"column":17}},"type":"if","locations":[{"start":{"line":11,"column":16},"end":{"line":15,"column":17}},{"start":{},"end":{}}],"line":11},"1":{"loc":{"start":{"line":24,"column":20},"end":{"line":29,"column":21}},"type":"if","locations":[{"start":{"line":24,"column":20},"end":{"line":29,"column":21}},{"start":{"line":26,"column":25},"end":{"line":29,"column":21}}],"line":24},"2":{"loc":{"start":{"line":38,"column":8},"end":{"line":52,"column":9}},"type":"if","locations":[{"start":{"line":38,"column":8},"end":{"line":52,"column":9}},{"start":{"line":45,"column":13},"end":{"line":52,"column":9}}],"line":38},"3":{"loc":{"start":{"line":40,"column":16},"end":{"line":42,"column":17}},"type":"if","locations":[{"start":{"line":40,"column":16},"end":{"line":42,"column":17}},{"start":{},"end":{}}],"line":40},"4":{"loc":{"start":{"line":47,"column":16},"end":{"line":48,"column":33}},"type":"if","locations":[{"start":{"line":47,"column":16},"end":{"line":48,"column":33}},{"start":{},"end":{}}],"line":47}},"s":{"0":0,"1":0,"2":0,"3":0,"4":0,"5":0,"6":0,"7":0,"8":0,"9":0,"10":0,"11":0,"12":0,"13":0,"14":0,"15":0,"16":0,"17":0,"18":0,"19":0},"f":{"0":0,"1":0,"2":0,"3":0,"4":0},"b":{"0":[0,0],"1":[0,0],"2":[0,0],"3":[0,0],"4":[0,0]},"_coverageSchema":"1a1c01bbd47fc00a2c39e90264f33305004495a9","hash":"757dac7e96b72832d6ae9e5f08b874b0490c41ca"}
,"C:\\Users\\ARMSTRONG\\Desktop\\node test\\src\\routes\\skills.js": {"path":"C:\\Users\\ARMSTRONG\\Desktop\\node test\\src\\routes\\skills.js","statementMap":{"0":{"start":{"line":9,"column":21},"end":{"line":9,"column":29}},"1":{"start":{"line":11,"column":8},"end":{"line":15,"column":9}},"2":{"start":{"line":12,"column":26},"end":{"line":12,"column":59}},"3":{"start":{"line":13,"column":12},"end":{"line":13,"column":38}},"4":{"start":{"line":14,"column":12},"end":{"line":14,"column":30}},"5":{"start":{"line":16,"column":8},"end":{"line":40,"column":2}},"6":{"start":{"line":17,"column":12},"end":{"line":39,"column":1}},"7":{"start":{"line":18,"column":30},"end":{"line":18,"column":69}},"8":{"start":{"line":19,"column":16},"end":{"line":19,"column":42}},"9":{"start":{"line":20,"column":16},"end":{"line":20,"column":34}},"10":{"start":{"line":24,"column":8},"end":{"line":38,"column":6}},"11":{"start":{"line":31,"column":12},"end":{"line":36,"column":13}},"12":{"start":{"line":32,"column":16},"end":{"line":32,"column":43}},"13":{"start":{"line":34,"column":16},"end":{"line":34,"column":31}},"14":{"start":{"line":44,"column":17},"end":{"line":44,"column":29}},"15":{"start":{"line":45,"column":8},"end":{"line":59,"column":9}},"16":{"start":{"line":46,"column":12},"end":{"line":51,"column":14}},"17":{"start":{"line":47,"column":16},"end":{"line":49,"column":17}},"18":{"start":{"line":48,"column":20},"end":{"line":48,"column":33}},"19":{"start":{"line":50,"column":16},"end":{"line":50,"column":36}},"20":{"start":{"line":53,"column":12},"end":{"line":58,"column":15}},"21":{"start":{"line":54,"column":16},"end":{"line":55,"column":33}},"22":{"start":{"line":55,"column":20},"end":{"line":55,"column":33}},"23":{"start":{"line":56,"column":16},"end":{"line":56,"column":33}},"24":{"start":{"line":57,"column":16},"end":{"line":57,"column":48}}},"fnMap":{"0":{"name":"(anonymous_0)","decl":{"start":{"line":7,"column":4},"end":{"line":7,"column":5}},"loc":{"start":{"line":7,"column":34},"end":{"line":41,"column":13}},"line":7},"1":{"name":"(anonymous_1)","decl":{"start":{"line":16,"column":53},"end":{"line":16,"column":54}},"loc":{"start":{"line":16,"column":68},"end":{"line":40,"column":1}},"line":16},"2":{"name":"(anonymous_2)","decl":{"start":{"line":30,"column":8},"end":{"line":30,"column":9}},"loc":{"start":{"line":30,"column":29},"end":{"line":37,"column":9}},"line":30},"3":{"name":"(anonymous_3)","decl":{"start":{"line":43,"column":4},"end":{"line":43,"column":5}},"loc":{"start":{"line":43,"column":31},"end":{"line":60,"column":5}},"line":43},"4":{"name":"(anonymous_4)","decl":{"start":{"line":46,"column":37},"end":{"line":46,"column":38}},"loc":{"start":{"line":46,"column":57},"end":{"line":51,"column":13}},"line":46},"5":{"name":"(anonymous_5)","decl":{"start":{"line":53,"column":29},"end":{"line":53,"column":30}},"loc":{"start":{"line":53,"column":51},"end":{"line":58,"column":13}},"line":53}},"branchMap":{"0":{"loc":{"start":{"line":11,"column":8},"end":{"line":15,"column":9}},"type":"if","locations":[{"start":{"line":11,"column":8},"end":{"line":15,"column":9}},{"start":{},"end":{}}],"line":11},"1":{"loc":{"start":{"line":17,"column":12},"end":{"line":39,"column":1}},"type":"if","locations":[{"start":{"line":17,"column":12},"end":{"line":39,"column":1}},{"start":{"line":21,"column":17},"end":{"line":39,"column":1}}],"line":17},"2":{"loc":{"start":{"line":31,"column":12},"end":{"line":36,"column":13}},"type":"if","locations":[{"start":{"line":31,"column":12},"end":{"line":36,"column":13}},{"start":{"line":33,"column":17},"end":{"line":36,"column":13}}],"line":31},"3":{"loc":{"start":{"line":45,"column":8},"end":{"line":59,"column":9}},"type":"if","locations":[{"start":{"line":45,"column":8},"end":{"line":59,"column":9}},{"start":{"line":52,"column":13},"end":{"line":59,"column":9}}],"line":45},"4":{"loc":{"start":{"line":47,"column":16},"end":{"line":49,"column":17}},"type":"if","locations":[{"start":{"line":47,"column":16},"end":{"line":49,"column":17}},{"start":{},"end":{}}],"line":47},"5":{"loc":{"start":{"line":54,"column":16},"end":{"line":55,"column":33}},"type":"if","locations":[{"start":{"line":54,"column":16},"end":{"line":55,"column":33}},{"start":{},"end":{}}],"line":54}},"s":{"0":0,"1":0,"2":0,"3":0,"4":0,"5":0,"6":0,"7":0,"8":0,"9":0,"10":0,"11":0,"12":0,"13":0,"14":0,"15":0,"16":0,"17":0,"18":0,"19":0,"20":0,"21":0,"22":0,"23":0,"24":0},"f":{"0":0,"1":0,"2":0,"3":0,"4":0,"5":0},"b":{"0":[0,0],"1":[0,0],"2":[0,0],"3":[0,0],"4":[0,0],"5":[0,0]},"_coverageSchema":"1a1c01bbd47fc00a2c39e90264f33305004495a9","hash":"b05bc6ba9fc00e2d06903f4e302416df21823c04"}
}
