TN:
SF:commentsch.js
FNF:0
FNH:0
DA:2,4
DA:3,4
DA:19,4
LF:3
LH:3
BRF:0
BRH:0
end_of_record
TN:
SF:config.js
FNF:0
FNH:0
DA:3,4
DA:5,4
DA:15,4
LF:3
LH:3
BRF:0
BRH:0
end_of_record
TN:
SF:index.js
FN:15,(anonymous_0)
FN:133,(anonymous_1)
FNF:2
FNH:1
FNDA:4,(anonymous_0)
FNDA:0,(anonymous_1)
DA:11,4
DA:12,4
DA:15,4
DA:16,4
DA:17,4
DA:19,0
DA:24,4
DA:26,4
DA:27,4
DA:28,4
DA:33,4
DA:132,4
DA:133,0
DA:134,0
LF:14
LH:11
BRDA:12,0,0,4
BRDA:12,0,1,0
BRDA:16,1,0,4
BRDA:16,1,1,0
BRDA:33,2,0,4
BRDA:33,2,1,4
BRDA:33,2,2,0
BRDA:132,3,0,0
BRDA:132,3,1,4
BRF:9
BRH:5
end_of_record
TN:
SF:scheem-model.js
FNF:0
FNH:0
DA:2,4
DA:4,4
DA:15,4
LF:3
LH:3
BRF:0
BRH:0
end_of_record
TN:
SF:src\config\errorhandles.js
FN:1,parserError
FN:4,(anonymous_1)
FNF:2
FNH:0
FNDA:0,parserError
FNDA:0,(anonymous_1)
DA:2,0
DA:3,0
DA:4,0
DA:5,0
DA:6,0
DA:7,0
DA:10,0
LF:7
LH:0
BRDA:3,0,0,0
BRDA:3,0,1,0
BRF:2
BRH:0
end_of_record
TN:
SF:src\config\upload.js
FN:30,(anonymous_0)
FN:45,(anonymous_1)
FNF:2
FNH:2
FNDA:2,(anonymous_0)
FNDA:2,(anonymous_1)
DA:7,4
DA:8,4
DA:29,4
DA:32,2
DA:33,2
DA:34,0
DA:35,0
DA:36,0
DA:37,0
DA:38,0
DA:39,0
DA:41,0
DA:46,2
DA:49,4
LF:14
LH:7
BRDA:32,0,0,2
BRDA:32,0,1,0
BRDA:34,1,0,0
BRDA:34,1,1,0
BRDA:36,2,0,0
BRDA:36,2,1,0
BRDA:38,3,0,0
BRDA:38,3,1,0
BRF:8
BRH:1
end_of_record
TN:
SF:src\config\verify.js
FN:4,verifyToken
FN:50,(anonymous_1)
FNF:2
FNH:2
FNDA:14,verifyToken
FNDA:12,(anonymous_1)
DA:39,14
DA:41,14
DA:43,2
DA:46,12
DA:47,12
DA:49,12
DA:50,12
DA:51,12
DA:52,0
DA:55,12
DA:56,12
DA:62,4
LF:12
LH:11
BRDA:41,0,0,2
BRDA:41,0,1,12
BRDA:51,1,0,0
BRDA:51,1,1,12
BRF:4
BRH:3
end_of_record
TN:
SF:src\modules\models.js
FNF:0
FNH:0
DA:4,4
DA:6,4
DA:12,4
DA:19,4
DA:26,4
DA:33,4
DA:41,4
DA:48,4
DA:55,4
DA:63,4
DA:64,4
DA:65,4
DA:66,4
DA:67,4
DA:68,4
DA:69,4
DA:70,4
LF:17
LH:17
BRF:0
BRH:0
end_of_record
TN:
SF:src\modules\user.js
FNF:0
FNH:0
DA:2,4
DA:3,4
DA:8,4
LF:3
LH:3
BRF:0
BRH:0
end_of_record
TN:
SF:src\routes\allroutes.js
FNF:0
FNH:0
DA:16,4
DA:18,4
DA:19,4
DA:22,4
DA:23,4
DA:24,4
DA:25,4
DA:26,4
DA:28,4
DA:29,4
DA:30,4
DA:33,4
DA:34,4
DA:36,4
DA:37,4
DA:40,4
DA:41,4
DA:42,4
DA:45,4
DA:46,4
DA:47,4
LF:21
LH:21
BRF:0
BRH:0
end_of_record
TN:
SF:src\routes\article.route.js
FN:8,(anonymous_0)
FN:12,(anonymous_1)
FN:20,(anonymous_2)
FN:30,(anonymous_3)
FN:42,(anonymous_4)
FN:51,(anonymous_5)
FN:65,(anonymous_6)
FN:80,(anonymous_7)
FN:99,(anonymous_8)
FN:113,(anonymous_9)
FN:118,(anonymous_10)
FNF:11
FNH:10
FNDA:2,(anonymous_0)
FNDA:1,(anonymous_1)
FNDA:1,(anonymous_2)
FNDA:2,(anonymous_3)
FNDA:2,(anonymous_4)
FNDA:2,(anonymous_5)
FNDA:1,(anonymous_6)
FNDA:1,(anonymous_7)
FNDA:0,(anonymous_8)
FNDA:1,(anonymous_9)
FNDA:1,(anonymous_10)
DA:9,2
DA:11,2
DA:12,1
DA:13,1
DA:14,0
DA:16,1
DA:19,1
DA:20,1
DA:21,1
DA:22,0
DA:23,1
DA:32,2
DA:34,2
DA:35,0
DA:36,0
DA:37,0
DA:40,2
DA:41,2
DA:42,2
DA:43,2
DA:45,2
DA:52,2
DA:53,0
DA:55,2
DA:67,1
DA:69,1
DA:70,1
DA:72,1
DA:78,1
DA:79,1
DA:81,1
DA:82,0
DA:84,1
DA:90,0
DA:97,0
DA:98,0
DA:100,0
DA:101,0
DA:103,0
DA:115,1
DA:117,1
DA:118,1
DA:119,1
DA:120,0
DA:122,1
DA:125,0
LF:46
LH:31
BRDA:11,0,0,1
BRDA:11,0,1,1
BRDA:13,1,0,0
BRDA:13,1,1,1
BRDA:21,2,0,0
BRDA:21,2,1,1
BRDA:34,3,0,0
BRDA:34,3,1,2
BRDA:43,4,0,0
BRDA:43,4,1,2
BRDA:52,5,0,0
BRDA:52,5,1,2
BRDA:70,6,0,1
BRDA:70,6,1,0
BRDA:81,7,0,0
BRDA:81,7,1,1
BRDA:100,8,0,0
BRDA:100,8,1,0
BRDA:117,9,0,1
BRDA:117,9,1,0
BRDA:119,10,0,0
BRDA:119,10,1,1
BRF:22
BRH:11
end_of_record
TN:
SF:src\routes\auth.route.js
FN:10,(anonymous_0)
FN:14,(anonymous_1)
FN:40,(anonymous_2)
FN:42,(anonymous_3)
FN:56,(anonymous_4)
FN:78,(anonymous_5)
FN:81,(anonymous_6)
FN:90,(anonymous_7)
FNF:8
FNH:0
FNDA:0,(anonymous_0)
FNDA:0,(anonymous_1)
FNDA:0,(anonymous_2)
FNDA:0,(anonymous_3)
FNDA:0,(anonymous_4)
FNDA:0,(anonymous_5)
FNDA:0,(anonymous_6)
FNDA:0,(anonymous_7)
DA:7,4
DA:11,0
DA:12,0
DA:14,0
DA:15,0
DA:16,0
DA:17,0
DA:18,0
DA:19,0
DA:20,0
DA:22,0
DA:23,0
DA:26,0
DA:31,0
DA:41,0
DA:42,0
DA:43,0
DA:44,0
DA:46,0
DA:47,0
DA:48,0
DA:56,0
DA:58,0
DA:63,0
DA:67,0
DA:78,4
DA:79,0
DA:81,0
DA:82,0
DA:83,0
DA:84,0
DA:90,4
DA:91,0
DA:92,0
DA:93,0
DA:96,0
DA:101,0
LF:37
LH:3
BRDA:15,0,0,0
BRDA:15,0,1,0
BRDA:16,1,0,0
BRDA:16,1,1,0
BRDA:23,2,0,0
BRDA:23,2,1,0
BRDA:43,3,0,0
BRDA:43,3,1,0
BRDA:44,4,0,0
BRDA:44,4,1,0
BRDA:58,5,0,0
BRDA:58,5,1,0
BRDA:82,6,0,0
BRDA:82,6,1,0
BRDA:83,7,0,0
BRDA:83,7,1,0
BRF:16
BRH:0
end_of_record
TN:
SF:src\routes\comments.js
FN:5,(anonymous_0)
FN:12,(anonymous_1)
FN:18,(anonymous_2)
FN:22,(anonymous_3)
FN:37,(anonymous_4)
FN:59,(anonymous_5)
FN:69,(anonymous_6)
FN:90,(anonymous_7)
FNF:8
FNH:0
FNDA:0,(anonymous_0)
FNDA:0,(anonymous_1)
FNDA:0,(anonymous_2)
FNDA:0,(anonymous_3)
FNDA:0,(anonymous_4)
FNDA:0,(anonymous_5)
FNDA:0,(anonymous_6)
FNDA:0,(anonymous_7)
DA:6,0
DA:7,0
DA:8,0
DA:12,0
DA:13,0
DA:14,0
DA:15,0
DA:18,0
DA:20,0
DA:22,0
DA:23,0
DA:24,0
DA:25,0
DA:30,0
DA:31,0
DA:32,0
DA:33,0
DA:38,0
DA:39,0
DA:40,0
DA:41,0
DA:42,0
DA:43,0
DA:44,0
DA:45,0
DA:46,0
DA:47,0
DA:49,0
DA:55,0
DA:60,0
DA:61,0
DA:63,0
DA:71,0
DA:72,0
DA:73,0
DA:74,0
DA:75,0
DA:76,0
DA:78,0
DA:79,0
DA:81,0
DA:91,0
DA:92,0
LF:43
LH:0
BRDA:13,0,0,0
BRDA:13,0,1,0
BRDA:23,1,0,0
BRDA:23,1,1,0
BRDA:40,2,0,0
BRDA:40,2,1,0
BRDA:42,3,0,0
BRDA:42,3,1,0
BRDA:44,4,0,0
BRDA:44,4,1,0
BRDA:46,5,0,0
BRDA:46,5,1,0
BRDA:60,6,0,0
BRDA:60,6,1,0
BRDA:78,7,0,0
BRDA:78,7,1,0
BRDA:91,8,0,0
BRDA:91,8,1,0
BRF:18
BRH:0
end_of_record
TN:
SF:src\routes\config.js
FNF:0
FNH:0
DA:1,4
LF:1
LH:1
BRF:0
BRH:0
end_of_record
TN:
SF:src\routes\contacts.js
FN:6,(anonymous_0)
FN:7,(anonymous_1)
FN:15,(anonymous_2)
FN:23,(anonymous_3)
FN:34,(anonymous_4)
FN:38,(anonymous_5)
FNF:6
FNH:6
FNDA:1,(anonymous_0)
FNDA:1,(anonymous_1)
FNDA:2,(anonymous_2)
FNDA:2,(anonymous_3)
FNDA:2,(anonymous_4)
FNDA:2,(anonymous_5)
DA:7,1
DA:8,1
DA:9,0
DA:10,1
DA:17,2
DA:24,2
DA:25,0
DA:27,2
DA:36,2
DA:37,2
DA:39,2
DA:40,0
DA:42,2
LF:13
LH:10
BRDA:8,0,0,0
BRDA:8,0,1,1
BRDA:24,1,0,0
BRDA:24,1,1,2
BRDA:39,2,0,0
BRDA:39,2,1,2
BRF:6
BRH:3
end_of_record
TN:
SF:src\routes\newsletter.js
FN:7,(anonymous_0)
FN:15,(anonymous_1)
FN:26,(anonymous_2)
FN:43,(anonymous_3)
FN:53,(anonymous_4)
FN:69,(anonymous_5)
FN:74,(anonymous_6)
FNF:7
FNH:6
FNDA:1,(anonymous_0)
FNDA:0,(anonymous_1)
FNDA:1,(anonymous_2)
FNDA:2,(anonymous_3)
FNDA:2,(anonymous_4)
FNDA:2,(anonymous_5)
FNDA:2,(anonymous_6)
DA:9,1
DA:12,1
DA:15,0
DA:16,0
DA:17,0
DA:18,0
DA:19,0
DA:26,1
DA:27,1
DA:28,0
DA:29,1
DA:46,2
DA:47,2
DA:54,2
DA:55,0
DA:57,2
DA:64,0
DA:71,2
DA:72,2
DA:73,2
DA:75,2
DA:76,0
DA:78,2
DA:84,0
LF:24
LH:14
BRDA:12,0,0,0
BRDA:12,0,1,1
BRDA:16,1,0,0
BRDA:16,1,1,0
BRDA:27,2,0,0
BRDA:27,2,1,1
BRDA:54,3,0,0
BRDA:54,3,1,2
BRDA:75,4,0,0
BRDA:75,4,1,2
BRF:10
BRH:4
end_of_record
TN:
SF:src\routes\projects.js
FN:7,(anonymous_0)
FN:23,(anonymous_1)
FN:35,(anonymous_2)
FN:39,(anonymous_3)
FN:46,(anonymous_4)
FNF:5
FNH:2
FNDA:0,(anonymous_0)
FNDA:0,(anonymous_1)
FNDA:1,(anonymous_2)
FNDA:0,(anonymous_3)
FNDA:1,(anonymous_4)
DA:9,0
DA:11,0
DA:12,0
DA:13,0
DA:14,0
DA:16,0
DA:17,0
DA:24,0
DA:25,0
DA:27,0
DA:36,1
DA:38,1
DA:39,0
DA:40,0
DA:41,0
DA:43,0
DA:46,1
DA:47,1
DA:48,0
DA:49,1
LF:20
LH:5
BRDA:11,0,0,0
BRDA:11,0,1,0
BRDA:24,1,0,0
BRDA:24,1,1,0
BRDA:38,2,0,0
BRDA:38,2,1,1
BRDA:40,3,0,0
BRDA:40,3,1,0
BRDA:47,4,0,0
BRDA:47,4,1,1
BRF:10
BRH:2
end_of_record
TN:
SF:src\routes\skills.js
FN:13,(anonymous_0)
FN:34,(anonymous_1)
FN:49,(anonymous_2)
FN:62,(anonymous_3)
FN:65,(anonymous_4)
FN:72,(anonymous_5)
FNF:6
FNH:0
FNDA:0,(anonymous_0)
FNDA:0,(anonymous_1)
FNDA:0,(anonymous_2)
FNDA:0,(anonymous_3)
FNDA:0,(anonymous_4)
FNDA:0,(anonymous_5)
DA:4,4
DA:15,0
DA:16,0
DA:17,0
DA:18,0
DA:19,0
DA:20,0
DA:34,0
DA:35,0
DA:36,0
DA:37,0
DA:38,0
DA:43,0
DA:50,0
DA:51,0
DA:53,0
DA:63,0
DA:64,0
DA:65,0
DA:66,0
DA:67,0
DA:69,0
DA:72,0
DA:73,0
DA:74,0
DA:75,0
DA:76,0
LF:27
LH:1
BRDA:17,0,0,0
BRDA:17,0,1,0
BRDA:35,1,0,0
BRDA:35,1,1,0
BRDA:50,2,0,0
BRDA:50,2,1,0
BRDA:64,3,0,0
BRDA:64,3,1,0
BRDA:66,4,0,0
BRDA:66,4,1,0
BRDA:73,5,0,0
BRDA:73,5,1,0
BRF:12
BRH:0
end_of_record
